#
# A fatal error has been detected by the Java Runtime Environment:
#
#  SIGSEGV (0xb) at pc=0x00007fc4a2f72009, pid=30534, tid=30535
#
# JRE version: OpenJDK Runtime Environment (9.0) (build 9-internal+0-2016-04-14-195246.buildd.src)
# Java VM: OpenJDK 64-Bit Server VM (9-internal+0-2016-04-14-195246.buildd.src, mixed mode, tiered, compressed oops, g1 gc, linux-amd64)
# Problematic frame:
# C  [libjava.so+0x1d009]  JNU_GetEnv+0x19
#
# Core dump will be written. Default location: Core dumps may be processed with "/usr/share/apport/apport %p %s %c %d %P" (or dumping to /home/sbk/Programs/Java/Test/core.30534)
#
# If you would like to submit a bug report, please visit:
#   http://bugreport.java.com/bugreport/crash.jsp
# The crash happened outside the Java Virtual Machine in native code.
# See problematic frame for where to report the bug.
#

---------------  S U M M A R Y ------------

Command Line: TestProgram

Host: Intel(R) Core(TM) i7-3517U CPU @ 1.90GHz, 4 cores, 5G, elementary OS 0.4.1 Loki
Time: Thu Nov  1 00:24:38 2018 EET elapsed time: 0 seconds (0d 0h 0m 0s)

---------------  T H R E A D  ---------------

Current thread (0x00007fc49c011000):  JavaThread "main" [_thread_in_native, id=30535, stack(0x00007fc4a5cd3000,0x00007fc4a5dd4000)]

Stack: [0x00007fc4a5cd3000,0x00007fc4a5dd4000],  sp=0x00007fc4a5dd0e20,  free space=1015k
Native frames: (J=compiled Java code, j=interpreted, Vv=VM code, C=native code)
C  [libjava.so+0x1d009]  JNU_GetEnv+0x19
C  [libfontmanager.so+0x33f8e]
C  [libfreetype.so.6+0x14d2b]  FT_Stream_Seek+0x1b

Java frames: (J=compiled Java code, j=interpreted, Vv=VM code)
j  sun.font.FreetypeFontScaler.initNativeScaler(Lsun/font/Font2D;IIZI)J+0 java.desktop@9-internal
j  sun.font.FreetypeFontScaler.<init>(Lsun/font/Font2D;IZI)V+26 java.desktop@9-internal
v  ~StubRoutines::call_stub
j  sun.reflect.NativeConstructorAccessorImpl.newInstance0(Ljava/lang/reflect/Constructor;[Ljava/lang/Object;)Ljava/lang/Object;+0 java.base@9-internal
j  sun.reflect.NativeConstructorAccessorImpl.newInstance([Ljava/lang/Object;)Ljava/lang/Object;+85 java.base@9-internal
j  sun.reflect.DelegatingConstructorAccessorImpl.newInstance([Ljava/lang/Object;)Ljava/lang/Object;+5 java.base@9-internal
j  java.lang.reflect.Constructor.newInstance([Ljava/lang/Object;)Ljava/lang/Object;+65 java.base@9-internal
j  sun.font.FontScaler.getScaler(Lsun/font/Font2D;IZI)Lsun/font/FontScaler;+39 java.desktop@9-internal
j  sun.font.TrueTypeFont.getScaler()Lsun/font/FontScaler;+21 java.desktop@9-internal
j  sun.font.FileFontStrike.<init>(Lsun/font/FileFont;Lsun/font/FontStrikeDesc;)V+204 java.desktop@9-internal
j  sun.font.FileFont.createStrike(Lsun/font/FontStrikeDesc;)Lsun/font/FontStrike;+18 java.desktop@9-internal
j  sun.font.Font2D.getStrike(Lsun/font/FontStrikeDesc;Z)Lsun/font/FontStrike;+92 java.desktop@9-internal
j  sun.font.Font2D.getStrike(Lsun/font/FontStrikeDesc;)Lsun/font/FontStrike;+3 java.desktop@9-internal
j  sun.font.CompositeStrike.getStrikeForSlot(I)Lsun/font/PhysicalStrike;+23 java.desktop@9-internal
j  sun.font.CompositeStrike.getFontMetrics()Lsun/font/StrikeMetrics;+31 java.desktop@9-internal
j  sun.font.FontDesignMetrics.initMatrixAndMetrics()V+28 java.desktop@9-internal
j  sun.font.FontDesignMetrics.<init>(Ljava/awt/Font;Ljava/awt/font/FontRenderContext;)V+62 java.desktop@9-internal
j  sun.font.FontDesignMetrics.getMetrics(Ljava/awt/Font;Ljava/awt/font/FontRenderContext;)Lsun/font/FontDesignMetrics;+128 java.desktop@9-internal
j  sun.swing.SwingUtilities2.getFontMetrics(Ljavax/swing/JComponent;Ljava/awt/Font;)Ljava/awt/FontMetrics;+15 java.desktop@9-internal
j  javax.swing.JComponent.getFontMetrics(Ljava/awt/Font;)Ljava/awt/FontMetrics;+2 java.desktop@9-internal
j  javax.swing.plaf.basic.BasicGraphicsUtils.getPreferredButtonSize(Ljavax/swing/AbstractButton;I)Ljava/awt/Dimension;+28 java.desktop@9-internal
j  javax.swing.plaf.basic.BasicButtonUI.getPreferredSize(Ljavax/swing/JComponent;)Ljava/awt/Dimension;+10 java.desktop@9-internal
j  javax.swing.JComponent.getPreferredSize()Ljava/awt/Dimension;+26 java.desktop@9-internal
j  java.awt.FlowLayout.layoutContainer(Ljava/awt/Container;)V+127 java.desktop@9-internal
j  java.awt.Container.layout()V+11 java.desktop@9-internal
j  java.awt.Container.doLayout()V+1 java.desktop@9-internal
j  java.awt.Container.validateTree()V+47 java.desktop@9-internal
j  java.awt.Container.validateTree()V+110 java.desktop@9-internal
j  java.awt.Container.validateTree()V+110 java.desktop@9-internal
j  java.awt.Container.validateTree()V+110 java.desktop@9-internal
j  java.awt.Container.validateTree()V+110 java.desktop@9-internal
j  java.awt.Container.validate()V+60 java.desktop@9-internal
j  java.awt.Container.validateUnconditionally()V+14 java.desktop@9-internal
j  java.awt.Dialog.conditionalShow(Ljava/awt/Component;Ljava/util/concurrent/atomic/AtomicLong;)Z+24 java.desktop@9-internal
j  java.awt.Dialog.show()V+32 java.desktop@9-internal
j  java.awt.Component.show(Z)V+5 java.desktop@9-internal
j  java.awt.Component.setVisible(Z)V+2 java.desktop@9-internal
j  java.awt.Window.setVisible(Z)V+2 java.desktop@9-internal
j  java.awt.Dialog.setVisible(Z)V+2 java.desktop@9-internal
j  TestProgram.main([Ljava/lang/String;)V+122
v  ~StubRoutines::call_stub

siginfo: si_signo: 11 (SIGSEGV), si_code: 1 (SEGV_MAPERR), si_addr: 0x0000000000000000

Register to memory mapping:

RAX=0x0000000000000000 is an unknown value
RBX=0x0000000000000000 is an unknown value
RCX=0x0000000000000000 is an unknown value
RDX=0x0000000000010002 is an unknown value
RSP=0x00007fc4a5dd0e20 is pointing into the stack for thread: 0x00007fc49c011000
RBP=0x00007fc4a5dd0e30 is pointing into the stack for thread: 0x00007fc49c011000
RSI=0x0000000000010002 is an unknown value
RDI=0x0000000000000000 is an unknown value
R8 =0x0000000000000000 is an unknown value
R9 =0x0000000000362000 is an unknown value
R10=0x00000000000001db is an unknown value
R11=0x00007fc4a2f71ff0: JNU_GetEnv+0x0000000000000000 in /usr/lib/jvm/java-9-openjdk-amd64/lib/amd64/libjava.so at 0x00007fc4a2f55000
R12=0x00007fc49c361c70 is an unknown value
R13=0x0000000000000000 is an unknown value
R14=0x0000000000000000 is an unknown value
R15=0x00007fc49c361cd0 is an unknown value


Registers:
RAX=0x0000000000000000, RBX=0x0000000000000000, RCX=0x0000000000000000, RDX=0x0000000000010002
RSP=0x00007fc4a5dd0e20, RBP=0x00007fc4a5dd0e30, RSI=0x0000000000010002, RDI=0x0000000000000000
R8 =0x0000000000000000, R9 =0x0000000000362000, R10=0x00000000000001db, R11=0x00007fc4a2f71ff0
R12=0x00007fc49c361c70, R13=0x0000000000000000, R14=0x0000000000000000, R15=0x00007fc49c361cd0
RIP=0x00007fc4a2f72009, EFLAGS=0x0000000000010246, CSGSFS=0x002b000000000033, ERR=0x0000000000000004
  TRAPNO=0x000000000000000e

Top of Stack: (sp=0x00007fc4a5dd0e20)
0x00007fc4a5dd0e20:   0000000000000000 ef7b2a479cc50f00
0x00007fc4a5dd0e30:   00007fc4a5dd0e70 00007fc444825f8e
0x00007fc4a5dd0e40:   00007fc49c000078 00007fc49c361c70
0x00007fc4a5dd0e50:   0000000000000000 0000000000000000
0x00007fc4a5dd0e60:   00007fc49c361c70 00007fc49c361cd0
0x00007fc4a5dd0e70:   0000000000000000 00007fc44455cd2b
0x00007fc4a5dd0e80:   0000000000000000 00007fc4447eed80
0x00007fc4a5dd0e90:   0000000000000000 00007fc4445708e0
0x00007fc4a5dd0ea0:   0000000000000002 0000003200000008
0x00007fc4a5dd0eb0:   0000000000000000 0000000000000000
0x00007fc4a5dd0ec0:   0000006e0000005b 0000000000000000
0x00007fc4a5dd0ed0:   0000000000000000 0000007c00000077
0x00007fc4a5dd0ee0:   0202020202020202 0202020202020202
0x00007fc4a5dd0ef0:   0000000000000000 0000000000000000
0x00007fc4a5dd0f00:   0101010101010101 00007fc49c000020
0x00007fc4a5dd0f10:   0000000000000070 00007fc4a5dd0fc4
0x00007fc4a5dd0f20:   00007fc49c35e480 00007fc49c361cd0
0x00007fc4a5dd0f30:   00007fc4a5dd0fc4 00007fc4a5680184
0x00007fc4a5dd0f40:   00007fc4a45f7f00 00007fc4a5dd0f74
0x00007fc4a5dd0f50:   00007fc4447eb9e0 ef7b2a479cc50f00
0x00007fc4a5dd0f60:   0000000000000070 00007fc49c360f50
0x00007fc4a5dd0f70:   00007fc4447eb9e0 00007fc4a5dd1088
0x00007fc4a5dd0f80:   00007fc49c35e480 00007fc49c361cd0
0x00007fc4a5dd0f90:   00007fc49c362200 00007fc44455f4c2
0x00007fc4a5dd0fa0:   0000000100000000 00007fc4a5dd1090
0x00007fc4a5dd0fb0:   0000000000000000 0000000000000000
0x00007fc4a5dd0fc0:   00000000a5dd1088 ef7b2a479cc50f00
0x00007fc4a5dd0fd0:   00007fc49c360f50 00007fc4a5dd1090
0x00007fc4a5dd0fe0:   0000000000000000 00007fc49c361038
0x00007fc4a5dd0ff0:   00007fc4a5dd1290 00007fc49c360f98
0x00007fc4a5dd1000:   00007fc49c35e480 00007fc444561581
0x00007fc4a5dd1010:   00007fc4a5dd1090 00007fc444561376 

Instructions: (pc=0x00007fc4a2f72009)
0x00007fc4a2f71fe9:   ff eb ea 0f 1f 40 00 55 89 f2 48 89 e5 48 83 ec
0x00007fc4a2f71ff9:   10 64 48 8b 04 25 28 00 00 00 48 89 45 f8 31 c0
0x00007fc4a2f72009:   48 8b 07 48 8d 75 f0 ff 50 30 48 8b 4d f8 64 48
0x00007fc4a2f72019:   33 0c 25 28 00 00 00 48 8b 45 f0 75 02 c9 c3 e8 


---------------  P R O C E S S  ---------------

Java Threads: ( => current thread )
  0x00007fc49c342800 JavaThread "AWT-Shutdown" [_thread_blocked, id=30561, stack(0x00007fc42c9f7000,0x00007fc42caf8000)]
  0x00007fc49c2ea000 JavaThread "AWT-XAWT" daemon [_thread_in_native, id=30560, stack(0x00007fc42ccf8000,0x00007fc42cdf9000)]
  0x00007fc49c2c9000 JavaThread "Java2D Disposer" daemon [_thread_blocked, id=30559, stack(0x00007fc444222000,0x00007fc444323000)]
  0x00007fc49c218000 JavaThread "Service Thread" daemon [_thread_blocked, id=30557, stack(0x00007fc446281000,0x00007fc446382000)]
  0x00007fc49c152000 JavaThread "Common-Cleaner" daemon [_thread_blocked, id=30556, stack(0x00007fc446382000,0x00007fc446483000)]
  0x00007fc49c13a800 JavaThread "Sweeper thread" daemon [_thread_blocked, id=30555, stack(0x00007fc4468ad000,0x00007fc4469ae000)]
  0x00007fc49c138800 JavaThread "C1 CompilerThread2" daemon [_thread_blocked, id=30554, stack(0x00007fc4469ae000,0x00007fc446aaf000)]
  0x00007fc49c136800 JavaThread "C2 CompilerThread1" daemon [_thread_blocked, id=30553, stack(0x00007fc446aaf000,0x00007fc446bb0000)]
  0x00007fc49c135000 JavaThread "C2 CompilerThread0" daemon [_thread_blocked, id=30552, stack(0x00007fc45c027000,0x00007fc45c128000)]
  0x00007fc49c130800 JavaThread "Signal Dispatcher" daemon [_thread_blocked, id=30551, stack(0x00007fc484074000,0x00007fc484175000)]
  0x00007fc49c12e800 JavaThread "Surrogate Locker Thread (Concurrent GC)" daemon [_thread_blocked, id=30550, stack(0x00007fc484175000,0x00007fc484276000)]
  0x00007fc49c11d000 JavaThread "Finalizer" daemon [_thread_blocked, id=30549, stack(0x00007fc484276000,0x00007fc484377000)]
  0x00007fc49c119000 JavaThread "Reference Handler" daemon [_thread_blocked, id=30548, stack(0x00007fc484377000,0x00007fc484478000)]
=>0x00007fc49c011000 JavaThread "main" [_thread_in_native, id=30535, stack(0x00007fc4a5cd3000,0x00007fc4a5dd4000)]

Other Threads:
  0x00007fc49c10f000 VMThread [stack: 0x00007fc484478000,0x00007fc484579000] [id=30547]
  0x00007fc49c21a800 WatcherThread [stack: 0x00007fc446180000,0x00007fc446281000] [id=30558]

Threads with active compile tasks:

VM state:not at safepoint (normal execution)

VM Mutex/Monitor currently owned by a thread: None

heap address: 0x00000000a4a00000, size: 1462 MB, Compressed Oops mode: 32-bit
Narrow klass base: 0x0000000000000000, Narrow klass shift: 3
Compressed class space size: 1073741824 Address: 0x0000000100000000

Heap:
 garbage-first heap   total 94208K, used 5120K [0x00000000a4a00000, 0x00000000a4b002e0, 0x0000000100000000)
  region size 1024K, 6 young (6144K), 0 survivors (0K)
 Metaspace       used 10408K, capacity 10760K, committed 11008K, reserved 1058816K
  class space    used 1147K, capacity 1268K, committed 1280K, reserved 1048576K

Heap Regions: E=young(eden), S=young(survivor), O=old, HS=humongous(starts), HC=humongous(continues), CS=collection set, F=free, A=archive, TS=gc time stamp, AC=allocation context, TAMS=top-at-mark-start (previous, next)
|   0|0x00000000a4a00000, 0x00000000a4a00000, 0x00000000a4b00000|  0%| F|  |TS  0|AC  0|TAMS 0x00000000a4a00000, 0x00000000a4a00000|
|   1|0x00000000a4b00000, 0x00000000a4b00000, 0x00000000a4c00000|  0%| F|  |TS  0|AC  0|TAMS 0x00000000a4b00000, 0x00000000a4b00000|
|   2|0x00000000a4c00000, 0x00000000a4c00000, 0x00000000a4d00000|  0%| F|  |TS  0|AC  0|TAMS 0x00000000a4c00000, 0x00000000a4c00000|
|   3|0x00000000a4d00000, 0x00000000a4d00000, 0x00000000a4e00000|  0%| F|  |TS  0|AC  0|TAMS 0x00000000a4d00000, 0x00000000a4d00000|
|   4|0x00000000a4e00000, 0x00000000a4e00000, 0x00000000a4f00000|  0%| F|  |TS  0|AC  0|TAMS 0x00000000a4e00000, 0x00000000a4e00000|
|   5|0x00000000a4f00000, 0x00000000a4f00000, 0x00000000a5000000|  0%| F|  |TS  0|AC  0|TAMS 0x00000000a4f00000, 0x00000000a4f00000|
|   6|0x00000000a5000000, 0x00000000a5000000, 0x00000000a5100000|  0%| F|  |TS  0|AC  0|TAMS 0x00000000a5000000, 0x00000000a5000000|
|   7|0x00000000a5100000, 0x00000000a5100000, 0x00000000a5200000|  0%| F|  |TS  0|AC  0|TAMS 0x00000000a5100000, 0x00000000a5100000|
|   8|0x00000000a5200000, 0x00000000a5200000, 0x00000000a5300000|  0%| F|  |TS  0|AC  0|TAMS 0x00000000a5200000, 0x00000000a5200000|
|   9|0x00000000a5300000, 0x00000000a5300000, 0x00000000a5400000|  0%| F|  |TS  0|AC  0|TAMS 0x00000000a5300000, 0x00000000a5300000|
|  10|0x00000000a5400000, 0x00000000a5400000, 0x00000000a5500000|  0%| F|  |TS  0|AC  0|TAMS 0x00000000a5400000, 0x00000000a5400000|
|  11|0x00000000a5500000, 0x00000000a5500000, 0x00000000a5600000|  0%| F|  |TS  0|AC  0|TAMS 0x00000000a5500000, 0x00000000a5500000|
|  12|0x00000000a5600000, 0x00000000a5600000, 0x00000000a5700000|  0%| F|  |TS  0|AC  0|TAMS 0x00000000a5600000, 0x00000000a5600000|
|  13|0x00000000a5700000, 0x00000000a5700000, 0x00000000a5800000|  0%| F|  |TS  0|AC  0|TAMS 0x00000000a5700000, 0x00000000a5700000|
|  14|0x00000000a5800000, 0x00000000a5800000, 0x00000000a5900000|  0%| F|  |TS  0|AC  0|TAMS 0x00000000a5800000, 0x00000000a5800000|
|  15|0x00000000a5900000, 0x00000000a5900000, 0x00000000a5a00000|  0%| F|  |TS  0|AC  0|TAMS 0x00000000a5900000, 0x00000000a5900000|
|  16|0x00000000a5a00000, 0x00000000a5a00000, 0x00000000a5b00000|  0%| F|  |TS  0|AC  0|TAMS 0x00000000a5a00000, 0x00000000a5a00000|
|  17|0x00000000a5b00000, 0x00000000a5b00000, 0x00000000a5c00000|  0%| F|  |TS  0|AC  0|TAMS 0x00000000a5b00000, 0x00000000a5b00000|
|  18|0x00000000a5c00000, 0x00000000a5c00000, 0x00000000a5d00000|  0%| F|  |TS  0|AC  0|TAMS 0x00000000a5c00000, 0x00000000a5c00000|
|  19|0x00000000a5d00000, 0x00000000a5d00000, 0x00000000a5e00000|  0%| F|  |TS  0|AC  0|TAMS 0x00000000a5d00000, 0x00000000a5d00000|
|  20|0x00000000a5e00000, 0x00000000a5e00000, 0x00000000a5f00000|  0%| F|  |TS  0|AC  0|TAMS 0x00000000a5e00000, 0x00000000a5e00000|
|  21|0x00000000a5f00000, 0x00000000a5f00000, 0x00000000a6000000|  0%| F|  |TS  0|AC  0|TAMS 0x00000000a5f00000, 0x00000000a5f00000|
|  22|0x00000000a6000000, 0x00000000a6000000, 0x00000000a6100000|  0%| F|  |TS  0|AC  0|TAMS 0x00000000a6000000, 0x00000000a6000000|
|  23|0x00000000a6100000, 0x00000000a6100000, 0x00000000a6200000|  0%| F|  |TS  0|AC  0|TAMS 0x00000000a6100000, 0x00000000a6100000|
|  24|0x00000000a6200000, 0x00000000a6200000, 0x00000000a6300000|  0%| F|  |TS  0|AC  0|TAMS 0x00000000a6200000, 0x00000000a6200000|
|  25|0x00000000a6300000, 0x00000000a6300000, 0x00000000a6400000|  0%| F|  |TS  0|AC  0|TAMS 0x00000000a6300000, 0x00000000a6300000|
|  26|0x00000000a6400000, 0x00000000a6400000, 0x00000000a6500000|  0%| F|  |TS  0|AC  0|TAMS 0x00000000a6400000, 0x00000000a6400000|
|  27|0x00000000a6500000, 0x00000000a6500000, 0x00000000a6600000|  0%| F|  |TS  0|AC  0|TAMS 0x00000000a6500000, 0x00000000a6500000|
|  28|0x00000000a6600000, 0x00000000a6600000, 0x00000000a6700000|  0%| F|  |TS  0|AC  0|TAMS 0x00000000a6600000, 0x00000000a6600000|
|  29|0x00000000a6700000, 0x00000000a6700000, 0x00000000a6800000|  0%| F|  |TS  0|AC  0|TAMS 0x00000000a6700000, 0x00000000a6700000|
|  30|0x00000000a6800000, 0x00000000a6800000, 0x00000000a6900000|  0%| F|  |TS  0|AC  0|TAMS 0x00000000a6800000, 0x00000000a6800000|
|  31|0x00000000a6900000, 0x00000000a6900000, 0x00000000a6a00000|  0%| F|  |TS  0|AC  0|TAMS 0x00000000a6900000, 0x00000000a6900000|
|  32|0x00000000a6a00000, 0x00000000a6a00000, 0x00000000a6b00000|  0%| F|  |TS  0|AC  0|TAMS 0x00000000a6a00000, 0x00000000a6a00000|
|  33|0x00000000a6b00000, 0x00000000a6b00000, 0x00000000a6c00000|  0%| F|  |TS  0|AC  0|TAMS 0x00000000a6b00000, 0x00000000a6b00000|
|  34|0x00000000a6c00000, 0x00000000a6c00000, 0x00000000a6d00000|  0%| F|  |TS  0|AC  0|TAMS 0x00000000a6c00000, 0x00000000a6c00000|
|  35|0x00000000a6d00000, 0x00000000a6d00000, 0x00000000a6e00000|  0%| F|  |TS  0|AC  0|TAMS 0x00000000a6d00000, 0x00000000a6d00000|
|  36|0x00000000a6e00000, 0x00000000a6e00000, 0x00000000a6f00000|  0%| F|  |TS  0|AC  0|TAMS 0x00000000a6e00000, 0x00000000a6e00000|
|  37|0x00000000a6f00000, 0x00000000a6f00000, 0x00000000a7000000|  0%| F|  |TS  0|AC  0|TAMS 0x00000000a6f00000, 0x00000000a6f00000|
|  38|0x00000000a7000000, 0x00000000a7000000, 0x00000000a7100000|  0%| F|  |TS  0|AC  0|TAMS 0x00000000a7000000, 0x00000000a7000000|
|  39|0x00000000a7100000, 0x00000000a7100000, 0x00000000a7200000|  0%| F|  |TS  0|AC  0|TAMS 0x00000000a7100000, 0x00000000a7100000|
|  40|0x00000000a7200000, 0x00000000a7200000, 0x00000000a7300000|  0%| F|  |TS  0|AC  0|TAMS 0x00000000a7200000, 0x00000000a7200000|
|  41|0x00000000a7300000, 0x00000000a7300000, 0x00000000a7400000|  0%| F|  |TS  0|AC  0|TAMS 0x00000000a7300000, 0x00000000a7300000|
|  42|0x00000000a7400000, 0x00000000a7400000, 0x00000000a7500000|  0%| F|  |TS  0|AC  0|TAMS 0x00000000a7400000, 0x00000000a7400000|
|  43|0x00000000a7500000, 0x00000000a7500000, 0x00000000a7600000|  0%| F|  |TS  0|AC  0|TAMS 0x00000000a7500000, 0x00000000a7500000|
|  44|0x00000000a7600000, 0x00000000a7600000, 0x00000000a7700000|  0%| F|  |TS  0|AC  0|TAMS 0x00000000a7600000, 0x00000000a7600000|
|  45|0x00000000a7700000, 0x00000000a7700000, 0x00000000a7800000|  0%| F|  |TS  0|AC  0|TAMS 0x00000000a7700000, 0x00000000a7700000|
|  46|0x00000000a7800000, 0x00000000a7800000, 0x00000000a7900000|  0%| F|  |TS  0|AC  0|TAMS 0x00000000a7800000, 0x00000000a7800000|
|  47|0x00000000a7900000, 0x00000000a7900000, 0x00000000a7a00000|  0%| F|  |TS  0|AC  0|TAMS 0x00000000a7900000, 0x00000000a7900000|
|  48|0x00000000a7a00000, 0x00000000a7a00000, 0x00000000a7b00000|  0%| F|  |TS  0|AC  0|TAMS 0x00000000a7a00000, 0x00000000a7a00000|
|  49|0x00000000a7b00000, 0x00000000a7b00000, 0x00000000a7c00000|  0%| F|  |TS  0|AC  0|TAMS 0x00000000a7b00000, 0x00000000a7b00000|
|  50|0x00000000a7c00000, 0x00000000a7c00000, 0x00000000a7d00000|  0%| F|  |TS  0|AC  0|TAMS 0x00000000a7c00000, 0x00000000a7c00000|
|  51|0x00000000a7d00000, 0x00000000a7d00000, 0x00000000a7e00000|  0%| F|  |TS  0|AC  0|TAMS 0x00000000a7d00000, 0x00000000a7d00000|
|  52|0x00000000a7e00000, 0x00000000a7e00000, 0x00000000a7f00000|  0%| F|  |TS  0|AC  0|TAMS 0x00000000a7e00000, 0x00000000a7e00000|
|  53|0x00000000a7f00000, 0x00000000a7f00000, 0x00000000a8000000|  0%| F|  |TS  0|AC  0|TAMS 0x00000000a7f00000, 0x00000000a7f00000|
|  54|0x00000000a8000000, 0x00000000a8000000, 0x00000000a8100000|  0%| F|  |TS  0|AC  0|TAMS 0x00000000a8000000, 0x00000000a8000000|
|  55|0x00000000a8100000, 0x00000000a8100000, 0x00000000a8200000|  0%| F|  |TS  0|AC  0|TAMS 0x00000000a8100000, 0x00000000a8100000|
|  56|0x00000000a8200000, 0x00000000a8200000, 0x00000000a8300000|  0%| F|  |TS  0|AC  0|TAMS 0x00000000a8200000, 0x00000000a8200000|
|  57|0x00000000a8300000, 0x00000000a8300000, 0x00000000a8400000|  0%| F|  |TS  0|AC  0|TAMS 0x00000000a8300000, 0x00000000a8300000|
|  58|0x00000000a8400000, 0x00000000a8400000, 0x00000000a8500000|  0%| F|  |TS  0|AC  0|TAMS 0x00000000a8400000, 0x00000000a8400000|
|  59|0x00000000a8500000, 0x00000000a8500000, 0x00000000a8600000|  0%| F|  |TS  0|AC  0|TAMS 0x00000000a8500000, 0x00000000a8500000|
|  60|0x00000000a8600000, 0x00000000a8600000, 0x00000000a8700000|  0%| F|  |TS  0|AC  0|TAMS 0x00000000a8600000, 0x00000000a8600000|
|  61|0x00000000a8700000, 0x00000000a8700000, 0x00000000a8800000|  0%| F|  |TS  0|AC  0|TAMS 0x00000000a8700000, 0x00000000a8700000|
|  62|0x00000000a8800000, 0x00000000a8800000, 0x00000000a8900000|  0%| F|  |TS  0|AC  0|TAMS 0x00000000a8800000, 0x00000000a8800000|
|  63|0x00000000a8900000, 0x00000000a8900000, 0x00000000a8a00000|  0%| F|  |TS  0|AC  0|TAMS 0x00000000a8900000, 0x00000000a8900000|
|  64|0x00000000a8a00000, 0x00000000a8a00000, 0x00000000a8b00000|  0%| F|  |TS  0|AC  0|TAMS 0x00000000a8a00000, 0x00000000a8a00000|
|  65|0x00000000a8b00000, 0x00000000a8b00000, 0x00000000a8c00000|  0%| F|  |TS  0|AC  0|TAMS 0x00000000a8b00000, 0x00000000a8b00000|
|  66|0x00000000a8c00000, 0x00000000a8c00000, 0x00000000a8d00000|  0%| F|  |TS  0|AC  0|TAMS 0x00000000a8c00000, 0x00000000a8c00000|
|  67|0x00000000a8d00000, 0x00000000a8d00000, 0x00000000a8e00000|  0%| F|  |TS  0|AC  0|TAMS 0x00000000a8d00000, 0x00000000a8d00000|
|  68|0x00000000a8e00000, 0x00000000a8e00000, 0x00000000a8f00000|  0%| F|  |TS  0|AC  0|TAMS 0x00000000a8e00000, 0x00000000a8e00000|
|  69|0x00000000a8f00000, 0x00000000a8f00000, 0x00000000a9000000|  0%| F|  |TS  0|AC  0|TAMS 0x00000000a8f00000, 0x00000000a8f00000|
|  70|0x00000000a9000000, 0x00000000a9000000, 0x00000000a9100000|  0%| F|  |TS  0|AC  0|TAMS 0x00000000a9000000, 0x00000000a9000000|
|  71|0x00000000a9100000, 0x00000000a9100000, 0x00000000a9200000|  0%| F|  |TS  0|AC  0|TAMS 0x00000000a9100000, 0x00000000a9100000|
|  72|0x00000000a9200000, 0x00000000a9200000, 0x00000000a9300000|  0%| F|  |TS  0|AC  0|TAMS 0x00000000a9200000, 0x00000000a9200000|
|  73|0x00000000a9300000, 0x00000000a9300000, 0x00000000a9400000|  0%| F|  |TS  0|AC  0|TAMS 0x00000000a9300000, 0x00000000a9300000|
|  74|0x00000000a9400000, 0x00000000a9400000, 0x00000000a9500000|  0%| F|  |TS  0|AC  0|TAMS 0x00000000a9400000, 0x00000000a9400000|
|  75|0x00000000a9500000, 0x00000000a9500000, 0x00000000a9600000|  0%| F|  |TS  0|AC  0|TAMS 0x00000000a9500000, 0x00000000a9500000|
|  76|0x00000000a9600000, 0x00000000a9600000, 0x00000000a9700000|  0%| F|  |TS  0|AC  0|TAMS 0x00000000a9600000, 0x00000000a9600000|
|  77|0x00000000a9700000, 0x00000000a9700000, 0x00000000a9800000|  0%| F|  |TS  0|AC  0|TAMS 0x00000000a9700000, 0x00000000a9700000|
|  78|0x00000000a9800000, 0x00000000a9800000, 0x00000000a9900000|  0%| F|  |TS  0|AC  0|TAMS 0x00000000a9800000, 0x00000000a9800000|
|  79|0x00000000a9900000, 0x00000000a9900000, 0x00000000a9a00000|  0%| F|  |TS  0|AC  0|TAMS 0x00000000a9900000, 0x00000000a9900000|
|  80|0x00000000a9a00000, 0x00000000a9a00000, 0x00000000a9b00000|  0%| F|  |TS  0|AC  0|TAMS 0x00000000a9a00000, 0x00000000a9a00000|
|  81|0x00000000a9b00000, 0x00000000a9b00000, 0x00000000a9c00000|  0%| F|  |TS  0|AC  0|TAMS 0x00000000a9b00000, 0x00000000a9b00000|
|  82|0x00000000a9c00000, 0x00000000a9c00000, 0x00000000a9d00000|  0%| F|  |TS  0|AC  0|TAMS 0x00000000a9c00000, 0x00000000a9c00000|
|  83|0x00000000a9d00000, 0x00000000a9d00000, 0x00000000a9e00000|  0%| F|  |TS  0|AC  0|TAMS 0x00000000a9d00000, 0x00000000a9d00000|
|  84|0x00000000a9e00000, 0x00000000a9e00000, 0x00000000a9f00000|  0%| F|  |TS  0|AC  0|TAMS 0x00000000a9e00000, 0x00000000a9e00000|
|  85|0x00000000a9f00000, 0x00000000a9f00000, 0x00000000aa000000|  0%| F|  |TS  0|AC  0|TAMS 0x00000000a9f00000, 0x00000000a9f00000|
|  86|0x00000000aa000000, 0x00000000aa0fe770, 0x00000000aa100000| 99%| E|  |TS  0|AC  0|TAMS 0x00000000aa000000, 0x00000000aa000000|
|  87|0x00000000aa100000, 0x00000000aa200000, 0x00000000aa200000|100%| E|CS|TS  0|AC  0|TAMS 0x00000000aa100000, 0x00000000aa100000|
|  88|0x00000000aa200000, 0x00000000aa300000, 0x00000000aa300000|100%| E|CS|TS  0|AC  0|TAMS 0x00000000aa200000, 0x00000000aa200000|
|  89|0x00000000aa300000, 0x00000000aa400000, 0x00000000aa400000|100%| E|CS|TS  0|AC  0|TAMS 0x00000000aa300000, 0x00000000aa300000|
|  90|0x00000000aa400000, 0x00000000aa500000, 0x00000000aa500000|100%| E|CS|TS  0|AC  0|TAMS 0x00000000aa400000, 0x00000000aa400000|
|  91|0x00000000aa500000, 0x00000000aa600000, 0x00000000aa600000|100%| E|CS|TS  0|AC  0|TAMS 0x00000000aa500000, 0x00000000aa500000|

Card table byte_map: [0x00007fc4a0b93000,0x00007fc4a0e6e000] byte_map_base: 0x00007fc4a066e000

Marking Bits (Prev, Next): (CMBitMap*) 0x00007fc49c055d10, (CMBitMap*) 0x00007fc49c055d68
 Prev Bits: [0x00007fc484579000, 0x00007fc485c51000)
 Next Bits: [0x00007fc45e928000, 0x00007fc460000000)

Polling page: 0x00007fc4a5df8000

CodeHeap 'non-nmethods': size=5696Kb used=1250Kb max_used=1265Kb free=4445Kb
 bounds [0x00007fc485c51000, 0x00007fc485ec1000, 0x00007fc4861e1000]
CodeHeap 'profiled nmethods': size=120032Kb used=833Kb max_used=833Kb free=119199Kb
 bounds [0x00007fc4861e1000, 0x00007fc486451000, 0x00007fc48d719000]
CodeHeap 'non-profiled nmethods': size=120032Kb used=174Kb max_used=174Kb free=119857Kb
 bounds [0x00007fc48d719000, 0x00007fc48d989000, 0x00007fc494c51000]
 total_blobs=1179 nmethods=537 adapters=423
 compilation: enabled

Compilation events (10 events):
Event: 0.367 Thread 0x00007fc49c138800  534       3       java.lang.String::substring (68 bytes)
Event: 0.368 Thread 0x00007fc49c138800 nmethod 534 0x00007fc4862af590 code [0x00007fc4862af7a0, 0x00007fc4862b0018]
Event: 0.368 Thread 0x00007fc49c138800  536       3       sun.invoke.util.VerifyAccess::isTypeVisible (49 bytes)
Event: 0.368 Thread 0x00007fc49c135000 nmethod 510 0x00007fc48d741410 code [0x00007fc48d7415c0, 0x00007fc48d742018]
Event: 0.368 Thread 0x00007fc49c135000  528       4       java.lang.AbstractStringBuilder::append (45 bytes)
Event: 0.368 Thread 0x00007fc49c138800 nmethod 536 0x00007fc4862b0290 code [0x00007fc4862b0440, 0x00007fc4862b0988]
Event: 0.368 Thread 0x00007fc49c138800  537       3       java.util.Collections$UnmodifiableCollection::size (10 bytes)
Event: 0.369 Thread 0x00007fc49c138800 nmethod 537 0x00007fc4862b0b90 code [0x00007fc4862b0d20, 0x00007fc4862b0f48]
Event: 0.374 Thread 0x00007fc49c138800  538       3       java.nio.HeapByteBuffer::_get (7 bytes)
Event: 0.374 Thread 0x00007fc49c138800 nmethod 538 0x00007fc4862b1010 code [0x00007fc4862b1180, 0x00007fc4862b12f0]

GC Heap History (0 events):
No events

Deoptimization events (10 events):
Event: 0.274 Thread 0x00007fc49c011000 Uncommon trap: reason=unstable_if action=reinterpret pc=0x00007fc48d723f50 method=java.util.HashMap.hash(Ljava/lang/Object;)I @ 1
Event: 0.281 Thread 0x00007fc49c011000 Uncommon trap: reason=class_check action=maybe_recompile pc=0x00007fc48d7231e8 method=java.util.HashMap.putVal(ILjava/lang/Object;Ljava/lang/Object;ZZ)Ljava/lang/Object; @ 91
Event: 0.296 Thread 0x00007fc49c011000 Uncommon trap: reason=class_check action=maybe_recompile pc=0x00007fc48d722cac method=java.util.HashMap.putVal(ILjava/lang/Object;Ljava/lang/Object;ZZ)Ljava/lang/Object; @ 253
Event: 0.296 Thread 0x00007fc49c011000 Uncommon trap: reason=class_check action=maybe_recompile pc=0x00007fc48d722cac method=java.util.HashMap.putVal(ILjava/lang/Object;Ljava/lang/Object;ZZ)Ljava/lang/Object; @ 253
Event: 0.297 Thread 0x00007fc49c011000 Uncommon trap: reason=class_check action=maybe_recompile pc=0x00007fc48d722cac method=java.util.HashMap.putVal(ILjava/lang/Object;Ljava/lang/Object;ZZ)Ljava/lang/Object; @ 253
Event: 0.299 Thread 0x00007fc49c011000 Uncommon trap: reason=unstable_fused_if action=reinterpret pc=0x00007fc48d72f3dc method=jdk.internal.org.objectweb.asm.ByteVector.putUTF8(Ljava/lang/String;)Ljdk/internal/org/objectweb/asm/ByteVector; @ 91
Event: 0.364 Thread 0x00007fc49c011000 Uncommon trap: reason=bimorphic_or_optimized_type_check action=maybe_recompile pc=0x00007fc48d73eb3c method=java.util.HashMap.putVal(ILjava/lang/Object;Ljava/lang/Object;ZZ)Ljava/lang/Object; @ 91
Event: 0.364 Thread 0x00007fc49c011000 Uncommon trap: reason=bimorphic_or_optimized_type_check action=maybe_recompile pc=0x00007fc48d73eb3c method=java.util.HashMap.putVal(ILjava/lang/Object;Ljava/lang/Object;ZZ)Ljava/lang/Object; @ 91
Event: 0.364 Thread 0x00007fc49c011000 Uncommon trap: reason=bimorphic_or_optimized_type_check action=maybe_recompile pc=0x00007fc48d73eb3c method=java.util.HashMap.putVal(ILjava/lang/Object;Ljava/lang/Object;ZZ)Ljava/lang/Object; @ 91
Event: 0.364 Thread 0x00007fc49c011000 Uncommon trap: reason=bimorphic_or_optimized_type_check action=maybe_recompile pc=0x00007fc48d73eb3c method=java.util.HashMap.putVal(ILjava/lang/Object;Ljava/lang/Object;ZZ)Ljava/lang/Object; @ 91

Classes redefined (0 events):
No events

Internal exceptions (6 events):
Event: 0.151 Thread 0x00007fc49c011000 Exception <a 'java/lang/ClassNotFoundException': sun/awt/resources/awtProvider> (0x00000000aa3568a0) thrown at [/build/openjdk-9-argm_o/openjdk-9-9~b114/src/hotspot/src/share/vm/classfile/systemDictionary.cpp, line 224]
Event: 0.164 Thread 0x00007fc49c011000 Exception <a 'java/io/FileNotFoundException'> (0x00000000aa3963b0) thrown at [/build/openjdk-9-argm_o/openjdk-9-9~b114/src/hotspot/src/share/vm/prims/jni.cpp, line 605]
Event: 0.165 Thread 0x00007fc49c011000 Exception <a 'java/io/FileNotFoundException'> (0x00000000aa39e3e0) thrown at [/build/openjdk-9-argm_o/openjdk-9-9~b114/src/hotspot/src/share/vm/prims/jni.cpp, line 605]
Event: 0.264 Thread 0x00007fc49c011000 Exception <a 'java/lang/ClassNotFoundException': com/sun/swing/internal/plaf/metal/resources/metalProvider> (0x00000000aa1588d0) thrown at [/build/openjdk-9-argm_o/openjdk-9-9~b114/src/hotspot/src/share/vm/classfile/systemDictionary.cpp, line 224]
Event: 0.265 Thread 0x00007fc49c011000 Exception <a 'java/lang/ClassNotFoundException': com/sun/swing/internal/plaf/basic/resources/basicProvider> (0x00000000aa15bf90) thrown at [/build/openjdk-9-argm_o/openjdk-9-9~b114/src/hotspot/src/share/vm/classfile/systemDictionary.cpp, line 224]
Event: 0.274 Thread 0x00007fc49c011000 Implicit null exception at 0x00007fc48d723eb8 to 0x00007fc48d723f46

Events (10 events):
Event: 0.375 loading class sun/nio/cs/UTF_16$Decoder
Event: 0.375 loading class sun/nio/cs/UnicodeDecoder
Event: 0.375 loading class sun/nio/cs/UnicodeDecoder done
Event: 0.375 loading class sun/nio/cs/UTF_16$Decoder done
Event: 0.375 loading class sun/font/FileFontStrike
Event: 0.375 loading class sun/font/FileFontStrike done
Event: 0.376 loading class sun/font/FontScaler
Event: 0.376 loading class sun/font/FontScaler done
Event: 0.376 loading class sun/font/FreetypeFontScaler
Event: 0.376 loading class sun/font/FreetypeFontScaler done


Dynamic libraries:
00400000-00401000 r-xp 00000000 08:02 1459238                            /usr/lib/jvm/java-9-openjdk-amd64/bin/java
00600000-00601000 r--p 00000000 08:02 1459238                            /usr/lib/jvm/java-9-openjdk-amd64/bin/java
00601000-00602000 rw-p 00001000 08:02 1459238                            /usr/lib/jvm/java-9-openjdk-amd64/bin/java
0244b000-0246c000 rw-p 00000000 00:00 0                                  [heap]
a4a00000-aa600000 rw-p 00000000 00:00 0 
aa600000-100000000 ---p 00000000 00:00 0 
100000000-100140000 rw-p 00000000 00:00 0 
100140000-140000000 ---p 00000000 00:00 0 
7fc40c000000-7fc40c021000 rw-p 00000000 00:00 0 
7fc40c021000-7fc410000000 ---p 00000000 00:00 0 
7fc414000000-7fc414021000 rw-p 00000000 00:00 0 
7fc414021000-7fc418000000 ---p 00000000 00:00 0 
7fc418000000-7fc418021000 rw-p 00000000 00:00 0 
7fc418021000-7fc41c000000 ---p 00000000 00:00 0 
7fc41c000000-7fc41c021000 rw-p 00000000 00:00 0 
7fc41c021000-7fc420000000 ---p 00000000 00:00 0 
7fc420000000-7fc420021000 rw-p 00000000 00:00 0 
7fc420021000-7fc424000000 ---p 00000000 00:00 0 
7fc424000000-7fc424021000 rw-p 00000000 00:00 0 
7fc424021000-7fc428000000 ---p 00000000 00:00 0 
7fc428000000-7fc428021000 rw-p 00000000 00:00 0 
7fc428021000-7fc42c000000 ---p 00000000 00:00 0 
7fc42c9f7000-7fc42c9fb000 ---p 00000000 00:00 0 
7fc42c9fb000-7fc42cc78000 rw-p 00000000 00:00 0 
7fc42cc78000-7fc42ccf8000 ---p 00000000 00:00 0 
7fc42ccf8000-7fc42ccfc000 ---p 00000000 00:00 0 
7fc42ccfc000-7fc42cdf9000 rw-p 00000000 00:00 0 
7fc42cdf9000-7fc42cdfe000 r-xp 00000000 08:02 1447117                    /usr/lib/x86_64-linux-gnu/libXfixes.so.3.1.0
7fc42cdfe000-7fc42cffd000 ---p 00005000 08:02 1447117                    /usr/lib/x86_64-linux-gnu/libXfixes.so.3.1.0
7fc42cffd000-7fc42cffe000 r--p 00004000 08:02 1447117                    /usr/lib/x86_64-linux-gnu/libXfixes.so.3.1.0
7fc42cffe000-7fc42cfff000 rw-p 00005000 08:02 1447117                    /usr/lib/x86_64-linux-gnu/libXfixes.so.3.1.0
7fc42cfff000-7fc430000000 rw-p 00000000 00:00 0 
7fc430000000-7fc43023c000 rw-p 00000000 00:00 0 
7fc43023c000-7fc434000000 ---p 00000000 00:00 0 
7fc434000000-7fc434170000 rw-p 00000000 00:00 0 
7fc434170000-7fc438000000 ---p 00000000 00:00 0 
7fc438000000-7fc438021000 rw-p 00000000 00:00 0 
7fc438021000-7fc43c000000 ---p 00000000 00:00 0 
7fc43c000000-7fc43c1c7000 rw-p 00000000 00:00 0 
7fc43c1c7000-7fc440000000 ---p 00000000 00:00 0 
7fc440000000-7fc440021000 rw-p 00000000 00:00 0 
7fc440021000-7fc444000000 ---p 00000000 00:00 0 
7fc444018000-7fc444021000 r-xp 00000000 08:02 1439144                    /usr/lib/x86_64-linux-gnu/libXcursor.so.1.0.2
7fc444021000-7fc444220000 ---p 00009000 08:02 1439144                    /usr/lib/x86_64-linux-gnu/libXcursor.so.1.0.2
7fc444220000-7fc444221000 r--p 00008000 08:02 1439144                    /usr/lib/x86_64-linux-gnu/libXcursor.so.1.0.2
7fc444221000-7fc444222000 rw-p 00009000 08:02 1439144                    /usr/lib/x86_64-linux-gnu/libXcursor.so.1.0.2
7fc444222000-7fc444226000 ---p 00000000 00:00 0 
7fc444226000-7fc444323000 rw-p 00000000 00:00 0 
7fc444323000-7fc444347000 r-xp 00000000 08:02 2093637                    /lib/x86_64-linux-gnu/libpng12.so.0.54.0
7fc444347000-7fc444546000 ---p 00024000 08:02 2093637                    /lib/x86_64-linux-gnu/libpng12.so.0.54.0
7fc444546000-7fc444547000 r--p 00023000 08:02 2093637                    /lib/x86_64-linux-gnu/libpng12.so.0.54.0
7fc444547000-7fc444548000 rw-p 00024000 08:02 2093637                    /lib/x86_64-linux-gnu/libpng12.so.0.54.0
7fc444548000-7fc4445ec000 r-xp 00000000 08:02 1447505                    /usr/lib/x86_64-linux-gnu/libfreetype.so.6.12.1
7fc4445ec000-7fc4447eb000 ---p 000a4000 08:02 1447505                    /usr/lib/x86_64-linux-gnu/libfreetype.so.6.12.1
7fc4447eb000-7fc4447f1000 r--p 000a3000 08:02 1447505                    /usr/lib/x86_64-linux-gnu/libfreetype.so.6.12.1
7fc4447f1000-7fc4447f2000 rw-p 000a9000 08:02 1447505                    /usr/lib/x86_64-linux-gnu/libfreetype.so.6.12.1
7fc4447f2000-7fc4448b8000 r-xp 00000000 08:02 1459255                    /usr/lib/jvm/java-9-openjdk-amd64/lib/amd64/libfontmanager.so
7fc4448b8000-7fc444ab7000 ---p 000c6000 08:02 1459255                    /usr/lib/jvm/java-9-openjdk-amd64/lib/amd64/libfontmanager.so
7fc444ab7000-7fc444aba000 r--p 000c5000 08:02 1459255                    /usr/lib/jvm/java-9-openjdk-amd64/lib/amd64/libfontmanager.so
7fc444aba000-7fc444abb000 rw-p 000c8000 08:02 1459255                    /usr/lib/jvm/java-9-openjdk-amd64/lib/amd64/libfontmanager.so
7fc444abb000-7fc444abc000 rw-p 00000000 00:00 0 
7fc444abc000-7fc444ac1000 r-xp 00000000 08:02 1447113                    /usr/lib/x86_64-linux-gnu/libXdmcp.so.6.0.0
7fc444ac1000-7fc444cc0000 ---p 00005000 08:02 1447113                    /usr/lib/x86_64-linux-gnu/libXdmcp.so.6.0.0
7fc444cc0000-7fc444cc1000 r--p 00004000 08:02 1447113                    /usr/lib/x86_64-linux-gnu/libXdmcp.so.6.0.0
7fc444cc1000-7fc444cc2000 rw-p 00005000 08:02 1447113                    /usr/lib/x86_64-linux-gnu/libXdmcp.so.6.0.0
7fc444cc2000-7fc444cc4000 r-xp 00000000 08:02 1447102                    /usr/lib/x86_64-linux-gnu/libXau.so.6.0.0
7fc444cc4000-7fc444ec4000 ---p 00002000 08:02 1447102                    /usr/lib/x86_64-linux-gnu/libXau.so.6.0.0
7fc444ec4000-7fc444ec5000 r--p 00002000 08:02 1447102                    /usr/lib/x86_64-linux-gnu/libXau.so.6.0.0
7fc444ec5000-7fc444ec6000 rw-p 00003000 08:02 1447102                    /usr/lib/x86_64-linux-gnu/libXau.so.6.0.0
7fc444ec6000-7fc444ee7000 r-xp 00000000 08:02 1448353                    /usr/lib/x86_64-linux-gnu/libxcb.so.1.1.0
7fc444ee7000-7fc4450e6000 ---p 00021000 08:02 1448353                    /usr/lib/x86_64-linux-gnu/libxcb.so.1.1.0
7fc4450e6000-7fc4450e7000 r--p 00020000 08:02 1448353                    /usr/lib/x86_64-linux-gnu/libxcb.so.1.1.0
7fc4450e7000-7fc4450e8000 rw-p 00021000 08:02 1448353                    /usr/lib/x86_64-linux-gnu/libxcb.so.1.1.0
7fc4450e8000-7fc4450f7000 r-xp 00000000 08:02 1447123                    /usr/lib/x86_64-linux-gnu/libXi.so.6.1.0
7fc4450f7000-7fc4452f6000 ---p 0000f000 08:02 1447123                    /usr/lib/x86_64-linux-gnu/libXi.so.6.1.0
7fc4452f6000-7fc4452f7000 r--p 0000e000 08:02 1447123                    /usr/lib/x86_64-linux-gnu/libXi.so.6.1.0
7fc4452f7000-7fc4452f8000 rw-p 0000f000 08:02 1447123                    /usr/lib/x86_64-linux-gnu/libXi.so.6.1.0
7fc4452f8000-7fc4452fd000 r-xp 00000000 08:02 1447141                    /usr/lib/x86_64-linux-gnu/libXtst.so.6.1.0
7fc4452fd000-7fc4454fc000 ---p 00005000 08:02 1447141                    /usr/lib/x86_64-linux-gnu/libXtst.so.6.1.0
7fc4454fc000-7fc4454fd000 r--p 00004000 08:02 1447141                    /usr/lib/x86_64-linux-gnu/libXtst.so.6.1.0
7fc4454fd000-7fc4454fe000 rw-p 00005000 08:02 1447141                    /usr/lib/x86_64-linux-gnu/libXtst.so.6.1.0
7fc4454fe000-7fc445507000 r-xp 00000000 08:02 1447135                    /usr/lib/x86_64-linux-gnu/libXrender.so.1.3.0
7fc445507000-7fc445706000 ---p 00009000 08:02 1447135                    /usr/lib/x86_64-linux-gnu/libXrender.so.1.3.0
7fc445706000-7fc445707000 r--p 00008000 08:02 1447135                    /usr/lib/x86_64-linux-gnu/libXrender.so.1.3.0
7fc445707000-7fc445708000 rw-p 00009000 08:02 1447135                    /usr/lib/x86_64-linux-gnu/libXrender.so.1.3.0
7fc445708000-7fc44583d000 r-xp 00000000 08:02 1465625                    /usr/lib/x86_64-linux-gnu/libX11.so.6.3.0
7fc44583d000-7fc445a3d000 ---p 00135000 08:02 1465625                    /usr/lib/x86_64-linux-gnu/libX11.so.6.3.0
7fc445a3d000-7fc445a3e000 r--p 00135000 08:02 1465625                    /usr/lib/x86_64-linux-gnu/libX11.so.6.3.0
7fc445a3e000-7fc445a42000 rw-p 00136000 08:02 1465625                    /usr/lib/x86_64-linux-gnu/libX11.so.6.3.0
7fc445a42000-7fc445a53000 r-xp 00000000 08:02 1447115                    /usr/lib/x86_64-linux-gnu/libXext.so.6.4.0
7fc445a53000-7fc445c52000 ---p 00011000 08:02 1447115                    /usr/lib/x86_64-linux-gnu/libXext.so.6.4.0
7fc445c52000-7fc445c53000 r--p 00010000 08:02 1447115                    /usr/lib/x86_64-linux-gnu/libXext.so.6.4.0
7fc445c53000-7fc445c54000 rw-p 00011000 08:02 1447115                    /usr/lib/x86_64-linux-gnu/libXext.so.6.4.0
7fc445c54000-7fc445cab000 r-xp 00000000 08:02 1459280                    /usr/lib/jvm/java-9-openjdk-amd64/lib/amd64/libawt_xawt.so
7fc445cab000-7fc445eab000 ---p 00057000 08:02 1459280                    /usr/lib/jvm/java-9-openjdk-amd64/lib/amd64/libawt_xawt.so
7fc445eab000-7fc445eac000 r--p 00057000 08:02 1459280                    /usr/lib/jvm/java-9-openjdk-amd64/lib/amd64/libawt_xawt.so
7fc445eac000-7fc445eaf000 rw-p 00058000 08:02 1459280                    /usr/lib/jvm/java-9-openjdk-amd64/lib/amd64/libawt_xawt.so
7fc445eaf000-7fc445eb0000 rw-p 00000000 00:00 0 
7fc445eb0000-7fc445f50000 r-xp 00000000 08:02 1459254                    /usr/lib/jvm/java-9-openjdk-amd64/lib/amd64/libawt.so
7fc445f50000-7fc44614f000 ---p 000a0000 08:02 1459254                    /usr/lib/jvm/java-9-openjdk-amd64/lib/amd64/libawt.so
7fc44614f000-7fc446150000 r--p 0009f000 08:02 1459254                    /usr/lib/jvm/java-9-openjdk-amd64/lib/amd64/libawt.so
7fc446150000-7fc44615b000 rw-p 000a0000 08:02 1459254                    /usr/lib/jvm/java-9-openjdk-amd64/lib/amd64/libawt.so
7fc44615b000-7fc446180000 rw-p 00000000 00:00 0 
7fc446180000-7fc446181000 ---p 00000000 00:00 0 
7fc446181000-7fc446281000 rw-p 00000000 00:00 0 
7fc446281000-7fc446285000 ---p 00000000 00:00 0 
7fc446285000-7fc446382000 rw-p 00000000 00:00 0 
7fc446382000-7fc446386000 ---p 00000000 00:00 0 
7fc446386000-7fc446483000 rw-p 00000000 00:00 0 
7fc446483000-7fc446499000 r-xp 00000000 08:02 1459256                    /usr/lib/jvm/java-9-openjdk-amd64/lib/amd64/libnet.so
7fc446499000-7fc446698000 ---p 00016000 08:02 1459256                    /usr/lib/jvm/java-9-openjdk-amd64/lib/amd64/libnet.so
7fc446698000-7fc446699000 r--p 00015000 08:02 1459256                    /usr/lib/jvm/java-9-openjdk-amd64/lib/amd64/libnet.so
7fc446699000-7fc44669a000 rw-p 00016000 08:02 1459256                    /usr/lib/jvm/java-9-openjdk-amd64/lib/amd64/libnet.so
7fc44669a000-7fc4466ab000 r-xp 00000000 08:02 1459281                    /usr/lib/jvm/java-9-openjdk-amd64/lib/amd64/libnio.so
7fc4466ab000-7fc4468ab000 ---p 00011000 08:02 1459281                    /usr/lib/jvm/java-9-openjdk-amd64/lib/amd64/libnio.so
7fc4468ab000-7fc4468ac000 r--p 00011000 08:02 1459281                    /usr/lib/jvm/java-9-openjdk-amd64/lib/amd64/libnio.so
7fc4468ac000-7fc4468ad000 rw-p 00012000 08:02 1459281                    /usr/lib/jvm/java-9-openjdk-amd64/lib/amd64/libnio.so
7fc4468ad000-7fc4468b1000 ---p 00000000 00:00 0 
7fc4468b1000-7fc4469ae000 rw-p 00000000 00:00 0 
7fc4469ae000-7fc4469b2000 ---p 00000000 00:00 0 
7fc4469b2000-7fc446aaf000 rw-p 00000000 00:00 0 
7fc446aaf000-7fc446ab3000 ---p 00000000 00:00 0 
7fc446ab3000-7fc446bb0000 rw-p 00000000 00:00 0 
7fc446bb0000-7fc448000000 r--p 00000000 08:02 1440167                    /usr/lib/locale/locale-archive
7fc448000000-7fc448021000 rw-p 00000000 00:00 0 
7fc448021000-7fc44c000000 ---p 00000000 00:00 0 
7fc44c000000-7fc44c021000 rw-p 00000000 00:00 0 
7fc44c021000-7fc450000000 ---p 00000000 00:00 0 
7fc450000000-7fc450021000 rw-p 00000000 00:00 0 
7fc450021000-7fc454000000 ---p 00000000 00:00 0 
7fc454000000-7fc454021000 rw-p 00000000 00:00 0 
7fc454021000-7fc458000000 ---p 00000000 00:00 0 
7fc458000000-7fc458021000 rw-p 00000000 00:00 0 
7fc458021000-7fc45c000000 ---p 00000000 00:00 0 
7fc45c027000-7fc45c02b000 ---p 00000000 00:00 0 
7fc45c02b000-7fc45ea98000 rw-p 00000000 00:00 0 
7fc45ea98000-7fc460000000 ---p 00000000 00:00 0 
7fc460000000-7fc460021000 rw-p 00000000 00:00 0 
7fc460021000-7fc464000000 ---p 00000000 00:00 0 
7fc464000000-7fc464021000 rw-p 00000000 00:00 0 
7fc464021000-7fc468000000 ---p 00000000 00:00 0 
7fc468000000-7fc468021000 rw-p 00000000 00:00 0 
7fc468021000-7fc46c000000 ---p 00000000 00:00 0 
7fc46c000000-7fc46c021000 rw-p 00000000 00:00 0 
7fc46c021000-7fc470000000 ---p 00000000 00:00 0 
7fc470000000-7fc470021000 rw-p 00000000 00:00 0 
7fc470021000-7fc474000000 ---p 00000000 00:00 0 
7fc474000000-7fc474021000 rw-p 00000000 00:00 0 
7fc474021000-7fc478000000 ---p 00000000 00:00 0 
7fc478000000-7fc478021000 rw-p 00000000 00:00 0 
7fc478021000-7fc47c000000 ---p 00000000 00:00 0 
7fc47c000000-7fc47c021000 rw-p 00000000 00:00 0 
7fc47c021000-7fc480000000 ---p 00000000 00:00 0 
7fc480000000-7fc480021000 rw-p 00000000 00:00 0 
7fc480021000-7fc484000000 ---p 00000000 00:00 0 
7fc484074000-7fc484078000 ---p 00000000 00:00 0 
7fc484078000-7fc484175000 rw-p 00000000 00:00 0 
7fc484175000-7fc484179000 ---p 00000000 00:00 0 
7fc484179000-7fc484276000 rw-p 00000000 00:00 0 
7fc484276000-7fc48427a000 ---p 00000000 00:00 0 
7fc48427a000-7fc484377000 rw-p 00000000 00:00 0 
7fc484377000-7fc48437b000 ---p 00000000 00:00 0 
7fc48437b000-7fc484478000 rw-p 00000000 00:00 0 
7fc484478000-7fc484479000 ---p 00000000 00:00 0 
7fc484479000-7fc4846e9000 rw-p 00000000 00:00 0 
7fc4846e9000-7fc485c51000 ---p 00000000 00:00 0 
7fc485c51000-7fc485ec1000 rwxp 00000000 00:00 0 
7fc485ec1000-7fc4861e1000 ---p 00000000 00:00 0 
7fc4861e1000-7fc486451000 rwxp 00000000 00:00 0 
7fc486451000-7fc48d719000 ---p 00000000 00:00 0 
7fc48d719000-7fc48d989000 rwxp 00000000 00:00 0 
7fc48d989000-7fc494c51000 ---p 00000000 00:00 0 
7fc494c51000-7fc49c000000 r--s 00000000 08:02 1459242                    /usr/lib/jvm/java-9-openjdk-amd64/lib/modules
7fc49c000000-7fc49c366000 rw-p 00000000 00:00 0 
7fc49c366000-7fc4a0000000 ---p 00000000 00:00 0 
7fc4a00a5000-7fc4a06b6000 rw-p 00000000 00:00 0 
7fc4a06b6000-7fc4a06b7000 ---p 00000000 00:00 0 
7fc4a06b7000-7fc4a07b7000 rw-p 00000000 00:00 0 
7fc4a07b7000-7fc4a07b8000 ---p 00000000 00:00 0 
7fc4a07b8000-7fc4a08e6000 rw-p 00000000 00:00 0 
7fc4a08e6000-7fc4a0b93000 ---p 00000000 00:00 0 
7fc4a0b93000-7fc4a0bc1000 rw-p 00000000 00:00 0 
7fc4a0bc1000-7fc4a1149000 ---p 00000000 00:00 0 
7fc4a1149000-7fc4a1177000 rw-p 00000000 00:00 0 
7fc4a1177000-7fc4a1424000 ---p 00000000 00:00 0 
7fc4a1424000-7fc4a1425000 ---p 00000000 00:00 0 
7fc4a1425000-7fc4a1525000 rw-p 00000000 00:00 0 
7fc4a1525000-7fc4a1526000 ---p 00000000 00:00 0 
7fc4a1526000-7fc4a1626000 rw-p 00000000 00:00 0 
7fc4a1626000-7fc4a1627000 ---p 00000000 00:00 0 
7fc4a1627000-7fc4a1727000 rw-p 00000000 00:00 0 
7fc4a1727000-7fc4a1728000 ---p 00000000 00:00 0 
7fc4a1728000-7fc4a1828000 rw-p 00000000 00:00 0 
7fc4a1828000-7fc4a1829000 ---p 00000000 00:00 0 
7fc4a1829000-7fc4a1d2d000 rw-p 00000000 00:00 0 
7fc4a1d2d000-7fc4a1d2e000 ---p 00000000 00:00 0 
7fc4a1d2e000-7fc4a1e2e000 rw-p 00000000 00:00 0 
7fc4a1e2e000-7fc4a1e2f000 ---p 00000000 00:00 0 
7fc4a1e2f000-7fc4a1f2f000 rw-p 00000000 00:00 0 
7fc4a1f2f000-7fc4a1f30000 ---p 00000000 00:00 0 
7fc4a1f30000-7fc4a2030000 rw-p 00000000 00:00 0 
7fc4a2030000-7fc4a2031000 ---p 00000000 00:00 0 
7fc4a2031000-7fc4a2136000 rw-p 00000000 00:00 0 
7fc4a2136000-7fc4a221c000 ---p 00000000 00:00 0 
7fc4a221c000-7fc4a2221000 rw-p 00000000 00:00 0 
7fc4a2221000-7fc4a2307000 ---p 00000000 00:00 0 
7fc4a2307000-7fc4a230c000 r-xp 00000000 08:02 1459269                    /usr/lib/jvm/java-9-openjdk-amd64/lib/amd64/libjimage.so
7fc4a230c000-7fc4a250b000 ---p 00005000 08:02 1459269                    /usr/lib/jvm/java-9-openjdk-amd64/lib/amd64/libjimage.so
7fc4a250b000-7fc4a250c000 r--p 00004000 08:02 1459269                    /usr/lib/jvm/java-9-openjdk-amd64/lib/amd64/libjimage.so
7fc4a250c000-7fc4a250d000 rw-p 00005000 08:02 1459269                    /usr/lib/jvm/java-9-openjdk-amd64/lib/amd64/libjimage.so
7fc4a250d000-7fc4a2514000 r-xp 00000000 08:02 1459265                    /usr/lib/jvm/java-9-openjdk-amd64/lib/amd64/libzip.so
7fc4a2514000-7fc4a2713000 ---p 00007000 08:02 1459265                    /usr/lib/jvm/java-9-openjdk-amd64/lib/amd64/libzip.so
7fc4a2713000-7fc4a2714000 r--p 00006000 08:02 1459265                    /usr/lib/jvm/java-9-openjdk-amd64/lib/amd64/libzip.so
7fc4a2714000-7fc4a2715000 rw-p 00007000 08:02 1459265                    /usr/lib/jvm/java-9-openjdk-amd64/lib/amd64/libzip.so
7fc4a2715000-7fc4a2720000 r-xp 00000000 08:02 2093153                    /lib/x86_64-linux-gnu/libnss_files-2.23.so
7fc4a2720000-7fc4a291f000 ---p 0000b000 08:02 2093153                    /lib/x86_64-linux-gnu/libnss_files-2.23.so
7fc4a291f000-7fc4a2920000 r--p 0000a000 08:02 2093153                    /lib/x86_64-linux-gnu/libnss_files-2.23.so
7fc4a2920000-7fc4a2921000 rw-p 0000b000 08:02 2093153                    /lib/x86_64-linux-gnu/libnss_files-2.23.so
7fc4a2921000-7fc4a2927000 rw-p 00000000 00:00 0 
7fc4a2927000-7fc4a2932000 r-xp 00000000 08:02 2097798                    /lib/x86_64-linux-gnu/libnss_nis-2.23.so
7fc4a2932000-7fc4a2b31000 ---p 0000b000 08:02 2097798                    /lib/x86_64-linux-gnu/libnss_nis-2.23.so
7fc4a2b31000-7fc4a2b32000 r--p 0000a000 08:02 2097798                    /lib/x86_64-linux-gnu/libnss_nis-2.23.so
7fc4a2b32000-7fc4a2b33000 rw-p 0000b000 08:02 2097798                    /lib/x86_64-linux-gnu/libnss_nis-2.23.so
7fc4a2b33000-7fc4a2b49000 r-xp 00000000 08:02 2093073                    /lib/x86_64-linux-gnu/libnsl-2.23.so
7fc4a2b49000-7fc4a2d48000 ---p 00016000 08:02 2093073                    /lib/x86_64-linux-gnu/libnsl-2.23.so
7fc4a2d48000-7fc4a2d49000 r--p 00015000 08:02 2093073                    /lib/x86_64-linux-gnu/libnsl-2.23.so
7fc4a2d49000-7fc4a2d4a000 rw-p 00016000 08:02 2093073                    /lib/x86_64-linux-gnu/libnsl-2.23.so
7fc4a2d4a000-7fc4a2d4c000 rw-p 00000000 00:00 0 
7fc4a2d4c000-7fc4a2d54000 r-xp 00000000 08:02 2093148                    /lib/x86_64-linux-gnu/libnss_compat-2.23.so
7fc4a2d54000-7fc4a2f53000 ---p 00008000 08:02 2093148                    /lib/x86_64-linux-gnu/libnss_compat-2.23.so
7fc4a2f53000-7fc4a2f54000 r--p 00007000 08:02 2093148                    /lib/x86_64-linux-gnu/libnss_compat-2.23.so
7fc4a2f54000-7fc4a2f55000 rw-p 00008000 08:02 2093148                    /lib/x86_64-linux-gnu/libnss_compat-2.23.so
7fc4a2f55000-7fc4a2f80000 r-xp 00000000 08:02 1459249                    /usr/lib/jvm/java-9-openjdk-amd64/lib/amd64/libjava.so
7fc4a2f80000-7fc4a317f000 ---p 0002b000 08:02 1459249                    /usr/lib/jvm/java-9-openjdk-amd64/lib/amd64/libjava.so
7fc4a317f000-7fc4a3180000 r--p 0002a000 08:02 1459249                    /usr/lib/jvm/java-9-openjdk-amd64/lib/amd64/libjava.so
7fc4a3180000-7fc4a3182000 rw-p 0002b000 08:02 1459249                    /usr/lib/jvm/java-9-openjdk-amd64/lib/amd64/libjava.so
7fc4a3182000-7fc4a318f000 r-xp 00000000 08:02 1459250                    /usr/lib/jvm/java-9-openjdk-amd64/lib/amd64/libverify.so
7fc4a318f000-7fc4a338e000 ---p 0000d000 08:02 1459250                    /usr/lib/jvm/java-9-openjdk-amd64/lib/amd64/libverify.so
7fc4a338e000-7fc4a3390000 r--p 0000c000 08:02 1459250                    /usr/lib/jvm/java-9-openjdk-amd64/lib/amd64/libverify.so
7fc4a3390000-7fc4a3391000 rw-p 0000e000 08:02 1459250                    /usr/lib/jvm/java-9-openjdk-amd64/lib/amd64/libverify.so
7fc4a3391000-7fc4a3398000 r-xp 00000000 08:02 2097799                    /lib/x86_64-linux-gnu/librt-2.23.so
7fc4a3398000-7fc4a3597000 ---p 00007000 08:02 2097799                    /lib/x86_64-linux-gnu/librt-2.23.so
7fc4a3597000-7fc4a3598000 r--p 00006000 08:02 2097799                    /lib/x86_64-linux-gnu/librt-2.23.so
7fc4a3598000-7fc4a3599000 rw-p 00007000 08:02 2097799                    /lib/x86_64-linux-gnu/librt-2.23.so
7fc4a3599000-7fc4a35af000 r-xp 00000000 08:02 2098262                    /lib/x86_64-linux-gnu/libgcc_s.so.1
7fc4a35af000-7fc4a37ae000 ---p 00016000 08:02 2098262                    /lib/x86_64-linux-gnu/libgcc_s.so.1
7fc4a37ae000-7fc4a37af000 rw-p 00015000 08:02 2098262                    /lib/x86_64-linux-gnu/libgcc_s.so.1
7fc4a37af000-7fc4a38b7000 r-xp 00000000 08:02 2093061                    /lib/x86_64-linux-gnu/libm-2.23.so
7fc4a38b7000-7fc4a3ab6000 ---p 00108000 08:02 2093061                    /lib/x86_64-linux-gnu/libm-2.23.so
7fc4a3ab6000-7fc4a3ab7000 r--p 00107000 08:02 2093061                    /lib/x86_64-linux-gnu/libm-2.23.so
7fc4a3ab7000-7fc4a3ab8000 rw-p 00108000 08:02 2093061                    /lib/x86_64-linux-gnu/libm-2.23.so
7fc4a3ab8000-7fc4a3c2a000 r-xp 00000000 08:02 1440312                    /usr/lib/x86_64-linux-gnu/libstdc++.so.6.0.21
7fc4a3c2a000-7fc4a3e2a000 ---p 00172000 08:02 1440312                    /usr/lib/x86_64-linux-gnu/libstdc++.so.6.0.21
7fc4a3e2a000-7fc4a3e34000 r--p 00172000 08:02 1440312                    /usr/lib/x86_64-linux-gnu/libstdc++.so.6.0.21
7fc4a3e34000-7fc4a3e36000 rw-p 0017c000 08:02 1440312                    /usr/lib/x86_64-linux-gnu/libstdc++.so.6.0.21
7fc4a3e36000-7fc4a3e3a000 rw-p 00000000 00:00 0 
7fc4a3e3a000-7fc4a4c98000 r-xp 00000000 08:02 1459262                    /usr/lib/jvm/java-9-openjdk-amd64/lib/amd64/server/libjvm.so
7fc4a4c98000-7fc4a4e98000 ---p 00e5e000 08:02 1459262                    /usr/lib/jvm/java-9-openjdk-amd64/lib/amd64/server/libjvm.so
7fc4a4e98000-7fc4a4f4a000 r--p 00e5e000 08:02 1459262                    /usr/lib/jvm/java-9-openjdk-amd64/lib/amd64/server/libjvm.so
7fc4a4f4a000-7fc4a4f7c000 rw-p 00f10000 08:02 1459262                    /usr/lib/jvm/java-9-openjdk-amd64/lib/amd64/server/libjvm.so
7fc4a4f7c000-7fc4a4fc1000 rw-p 00000000 00:00 0 
7fc4a4fc1000-7fc4a4fd9000 r-xp 00000000 08:02 2093139                    /lib/x86_64-linux-gnu/libpthread-2.23.so
7fc4a4fd9000-7fc4a51d8000 ---p 00018000 08:02 2093139                    /lib/x86_64-linux-gnu/libpthread-2.23.so
7fc4a51d8000-7fc4a51d9000 r--p 00017000 08:02 2093139                    /lib/x86_64-linux-gnu/libpthread-2.23.so
7fc4a51d9000-7fc4a51da000 rw-p 00018000 08:02 2093139                    /lib/x86_64-linux-gnu/libpthread-2.23.so
7fc4a51da000-7fc4a51de000 rw-p 00000000 00:00 0 
7fc4a51de000-7fc4a51e1000 r-xp 00000000 08:02 2093142                    /lib/x86_64-linux-gnu/libdl-2.23.so
7fc4a51e1000-7fc4a53e0000 ---p 00003000 08:02 2093142                    /lib/x86_64-linux-gnu/libdl-2.23.so
7fc4a53e0000-7fc4a53e1000 r--p 00002000 08:02 2093142                    /lib/x86_64-linux-gnu/libdl-2.23.so
7fc4a53e1000-7fc4a53e2000 rw-p 00003000 08:02 2093142                    /lib/x86_64-linux-gnu/libdl-2.23.so
7fc4a53e2000-7fc4a53fb000 r-xp 00000000 08:02 2098414                    /lib/x86_64-linux-gnu/libz.so.1.2.8
7fc4a53fb000-7fc4a55fa000 ---p 00019000 08:02 2098414                    /lib/x86_64-linux-gnu/libz.so.1.2.8
7fc4a55fa000-7fc4a55fb000 r--p 00018000 08:02 2098414                    /lib/x86_64-linux-gnu/libz.so.1.2.8
7fc4a55fb000-7fc4a55fc000 rw-p 00019000 08:02 2098414                    /lib/x86_64-linux-gnu/libz.so.1.2.8
7fc4a55fc000-7fc4a57bc000 r-xp 00000000 08:02 2093140                    /lib/x86_64-linux-gnu/libc-2.23.so
7fc4a57bc000-7fc4a59bc000 ---p 001c0000 08:02 2093140                    /lib/x86_64-linux-gnu/libc-2.23.so
7fc4a59bc000-7fc4a59c0000 r--p 001c0000 08:02 2093140                    /lib/x86_64-linux-gnu/libc-2.23.so
7fc4a59c0000-7fc4a59c2000 rw-p 001c4000 08:02 2093140                    /lib/x86_64-linux-gnu/libc-2.23.so
7fc4a59c2000-7fc4a59c6000 rw-p 00000000 00:00 0 
7fc4a59c6000-7fc4a59d4000 r-xp 00000000 08:02 1459278                    /usr/lib/jvm/java-9-openjdk-amd64/lib/amd64/jli/libjli.so
7fc4a59d4000-7fc4a5bd3000 ---p 0000e000 08:02 1459278                    /usr/lib/jvm/java-9-openjdk-amd64/lib/amd64/jli/libjli.so
7fc4a5bd3000-7fc4a5bd4000 r--p 0000d000 08:02 1459278                    /usr/lib/jvm/java-9-openjdk-amd64/lib/amd64/jli/libjli.so
7fc4a5bd4000-7fc4a5bd5000 rw-p 0000e000 08:02 1459278                    /usr/lib/jvm/java-9-openjdk-amd64/lib/amd64/jli/libjli.so
7fc4a5bd5000-7fc4a5bfb000 r-xp 00000000 08:02 2093081                    /lib/x86_64-linux-gnu/ld-2.23.so
7fc4a5c1b000-7fc4a5cd3000 rw-p 00000000 00:00 0 
7fc4a5cd3000-7fc4a5cd7000 ---p 00000000 00:00 0 
7fc4a5cd7000-7fc4a5dd8000 rw-p 00000000 00:00 0 
7fc4a5de3000-7fc4a5de8000 rw-p 00000000 00:00 0 
7fc4a5de8000-7fc4a5def000 ---p 00000000 00:00 0 
7fc4a5def000-7fc4a5df7000 rw-s 00000000 08:02 2747416                    /tmp/hsperfdata_sbk/30534
7fc4a5df7000-7fc4a5df8000 rw-p 00000000 00:00 0 
7fc4a5df8000-7fc4a5df9000 r--p 00000000 00:00 0 
7fc4a5df9000-7fc4a5dfa000 rw-p 00000000 00:00 0 
7fc4a5dfa000-7fc4a5dfb000 r--p 00025000 08:02 2093081                    /lib/x86_64-linux-gnu/ld-2.23.so
7fc4a5dfb000-7fc4a5dfc000 rw-p 00026000 08:02 2093081                    /lib/x86_64-linux-gnu/ld-2.23.so
7fc4a5dfc000-7fc4a5dfd000 rw-p 00000000 00:00 0 
7ffe819d3000-7ffe819f4000 rw-p 00000000 00:00 0                          [stack]
7ffe819f8000-7ffe819fb000 r--p 00000000 00:00 0                          [vvar]
7ffe819fb000-7ffe819fd000 r-xp 00000000 00:00 0                          [vdso]
ffffffffff600000-ffffffffff601000 r-xp 00000000 00:00 0                  [vsyscall]

VM Arguments:
java_command: TestProgram
java_class_path (initial): .
Launcher Type: SUN_STANDARD

Environment Variables:
PATH=/home/sbk/bin:/home/sbk/.local/bin:/usr/local/sbin:/usr/local/bin:/usr/sbin:/usr/bin:/sbin:/bin:/usr/games:/usr/local/games
SHELL=/bin/bash
DISPLAY=:0

Signal Handlers:
SIGSEGV: [libjvm.so+0xc12c20], sa_mask[0]=11111111011111111101111111111110, sa_flags=SA_RESTART|SA_SIGINFO
SIGBUS: [libjvm.so+0xc12c20], sa_mask[0]=11111111011111111101111111111110, sa_flags=SA_RESTART|SA_SIGINFO
SIGFPE: [libjvm.so+0xc12c20], sa_mask[0]=11111111011111111101111111111110, sa_flags=SA_RESTART|SA_SIGINFO
SIGPIPE: [libjvm.so+0xa3b600], sa_mask[0]=11111111011111111101111111111110, sa_flags=SA_RESTART|SA_SIGINFO
SIGXFSZ: [libjvm.so+0xa3b600], sa_mask[0]=11111111011111111101111111111110, sa_flags=SA_RESTART|SA_SIGINFO
SIGILL: [libjvm.so+0xc12c20], sa_mask[0]=11111111011111111101111111111110, sa_flags=SA_RESTART|SA_SIGINFO
SIGUSR2: [libjvm.so+0xa3b4a0], sa_mask[0]=00000000000000000000000000000000, sa_flags=SA_RESTART|SA_SIGINFO
SIGHUP: [libjvm.so+0xa3b870], sa_mask[0]=11111111011111111101111111111110, sa_flags=SA_RESTART|SA_SIGINFO
SIGINT: [libjvm.so+0xa3b870], sa_mask[0]=11111111011111111101111111111110, sa_flags=SA_RESTART|SA_SIGINFO
SIGTERM: [libjvm.so+0xa3b870], sa_mask[0]=11111111011111111101111111111110, sa_flags=SA_RESTART|SA_SIGINFO
SIGQUIT: [libjvm.so+0xa3b870], sa_mask[0]=11111111011111111101111111111110, sa_flags=SA_RESTART|SA_SIGINFO


---------------  S Y S T E M  ---------------

OS:DISTRIB_ID="elementary"
DISTRIB_RELEASE=0.4.1
DISTRIB_CODENAME=loki
DISTRIB_DESCRIPTION="elementary OS 0.4.1 Loki"
uname:Linux 4.15.0-38-generic #41~16.04.1-Ubuntu SMP Wed Oct 10 20:16:04 UTC 2018 x86_64
libc:glibc 2.23 NPTL 2.23 
rlimit: STACK 8192k, CORE 0k, NPROC 22454, NOFILE 1048576, AS infinity
load average:0.87 0.73 0.73

/proc/meminfo:
MemTotal:        5987256 kB
MemFree:          865852 kB
MemAvailable:    2053024 kB
Buffers:          190400 kB
Cached:          1511328 kB
SwapCached:            0 kB
Active:          3777028 kB
Inactive:        1095360 kB
Active(anon):    2857012 kB
Inactive(anon):   656008 kB
Active(file):     920016 kB
Inactive(file):   439352 kB
Unevictable:         224 kB
Mlocked:             224 kB
SwapTotal:       6173692 kB
SwapFree:        6173692 kB
Dirty:                88 kB
Writeback:             0 kB
AnonPages:       3170964 kB
Mapped:           720128 kB
Shmem:            342360 kB
Slab:             125812 kB
SReclaimable:      80156 kB
SUnreclaim:        45656 kB
KernelStack:       12544 kB
PageTables:        54736 kB
NFS_Unstable:          0 kB
Bounce:                0 kB
WritebackTmp:          0 kB
CommitLimit:     9167320 kB
Committed_AS:   10980320 kB
VmallocTotal:   34359738367 kB
VmallocUsed:           0 kB
VmallocChunk:          0 kB
HardwareCorrupted:     0 kB
AnonHugePages:      6144 kB
ShmemHugePages:        0 kB
ShmemPmdMapped:        0 kB
CmaTotal:              0 kB
CmaFree:               0 kB
HugePages_Total:       0
HugePages_Free:        0
HugePages_Rsvd:        0
HugePages_Surp:        0
Hugepagesize:       2048 kB
DirectMap4k:      188316 kB
DirectMap2M:     5986304 kB


CPU:total 4 (2 cores per cpu, 2 threads per core) family 6 model 58 stepping 9, cmov, cx8, fxsr, mmx, sse, sse2, sse3, ssse3, sse4.1, sse4.2, popcnt, avx, aes, clmul, erms, ht, tsc, tscinvbit, tscinv

CPU Model and flags from /proc/cpuinfo:
model name	: Intel(R) Core(TM) i7-3517U CPU @ 1.90GHz
flags		: fpu vme de pse tsc msr pae mce cx8 apic sep mtrr pge mca cmov pat pse36 clflush dts acpi mmx fxsr sse sse2 ss ht tm pbe syscall nx rdtscp lm constant_tsc arch_perfmon pebs bts rep_good nopl xtopology nonstop_tsc cpuid aperfmperf pni pclmulqdq dtes64 monitor ds_cpl vmx est tm2 ssse3 cx16 xtpr pdcm pcid sse4_1 sse4_2 x2apic popcnt tsc_deadline_timer aes xsave avx f16c rdrand lahf_lm cpuid_fault epb pti ssbd ibrs ibpb stibp tpr_shadow vnmi flexpriority ept vpid fsgsbase smep erms xsaveopt dtherm ida arat pln pts flush_l1d

Memory: 4k page, physical 5987256k(865852k free), swap 6173692k(6173692k free)

vm_info: OpenJDK 64-Bit Server VM (9-internal+0-2016-04-14-195246.buildd.src) for linux-amd64 JRE (9-internal+0-2016-04-14-195246.buildd.src), built on Apr 14 2016 20:05:37 by "buildd" with gcc 5.3.1 20160413

END.
