#
# A fatal error has been detected by the Java Runtime Environment:
#
#  SIGSEGV (0xb) at pc=0x00007f702084c009, pid=30206, tid=30235
#
# JRE version: OpenJDK Runtime Environment (9.0) (build 9-internal+0-2016-04-14-195246.buildd.src)
# Java VM: OpenJDK 64-Bit Server VM (9-internal+0-2016-04-14-195246.buildd.src, mixed mode, tiered, compressed oops, g1 gc, linux-amd64)
# Problematic frame:
# C  [libjava.so+0x1d009]  JNU_GetEnv+0x19
#
# Core dump will be written. Default location: Core dumps may be processed with "/usr/share/apport/apport %p %s %c %d %P" (or dumping to /home/sbk/Programs/Java/Test/core.30206)
#
# If you would like to submit a bug report, please visit:
#   http://bugreport.java.com/bugreport/crash.jsp
# The crash happened outside the Java Virtual Machine in native code.
# See problematic frame for where to report the bug.
#

---------------  S U M M A R Y ------------

Command Line: TestProgram

Host: Intel(R) Core(TM) i7-3517U CPU @ 1.90GHz, 4 cores, 5G, elementary OS 0.4.1 Loki
Time: Thu Nov  1 00:20:29 2018 EET elapsed time: 0 seconds (0d 0h 0m 0s)

---------------  T H R E A D  ---------------

Current thread (0x00007f701c394000):  JavaThread "AWT-EventQueue-0" [_thread_in_native, id=30235, stack(0x00007f6f9a207000,0x00007f6f9a308000)]

Stack: [0x00007f6f9a207000,0x00007f6f9a308000],  sp=0x00007f6f9a3015b0,  free space=1001k
Native frames: (J=compiled Java code, j=interpreted, Vv=VM code, C=native code)
C  [libjava.so+0x1d009]  JNU_GetEnv+0x19
C  [libfontmanager.so+0x33f8e]
C  [libfreetype.so.6+0x14d2b]  FT_Stream_Seek+0x1b

Java frames: (J=compiled Java code, j=interpreted, Vv=VM code)
j  sun.font.FreetypeFontScaler.initNativeScaler(Lsun/font/Font2D;IIZI)J+0 java.desktop@9-internal
j  sun.font.FreetypeFontScaler.<init>(Lsun/font/Font2D;IZI)V+26 java.desktop@9-internal
v  ~StubRoutines::call_stub
j  sun.reflect.NativeConstructorAccessorImpl.newInstance0(Ljava/lang/reflect/Constructor;[Ljava/lang/Object;)Ljava/lang/Object;+0 java.base@9-internal
j  sun.reflect.NativeConstructorAccessorImpl.newInstance([Ljava/lang/Object;)Ljava/lang/Object;+85 java.base@9-internal
j  sun.reflect.DelegatingConstructorAccessorImpl.newInstance([Ljava/lang/Object;)Ljava/lang/Object;+5 java.base@9-internal
j  java.lang.reflect.Constructor.newInstance([Ljava/lang/Object;)Ljava/lang/Object;+65 java.base@9-internal
j  sun.font.FontScaler.getScaler(Lsun/font/Font2D;IZI)Lsun/font/FontScaler;+39 java.desktop@9-internal
j  sun.font.TrueTypeFont.getScaler()Lsun/font/FontScaler;+21 java.desktop@9-internal
j  sun.font.FileFontStrike.<init>(Lsun/font/FileFont;Lsun/font/FontStrikeDesc;)V+204 java.desktop@9-internal
j  sun.font.FileFont.createStrike(Lsun/font/FontStrikeDesc;)Lsun/font/FontStrike;+18 java.desktop@9-internal
j  sun.font.Font2D.getStrike(Lsun/font/FontStrikeDesc;Z)Lsun/font/FontStrike;+92 java.desktop@9-internal
j  sun.font.Font2D.getStrike(Lsun/font/FontStrikeDesc;)Lsun/font/FontStrike;+3 java.desktop@9-internal
j  sun.font.CompositeStrike.getStrikeForSlot(I)Lsun/font/PhysicalStrike;+23 java.desktop@9-internal
j  sun.font.CompositeStrike.getFontMetrics()Lsun/font/StrikeMetrics;+31 java.desktop@9-internal
j  sun.font.FontDesignMetrics.initMatrixAndMetrics()V+28 java.desktop@9-internal
j  sun.font.FontDesignMetrics.<init>(Ljava/awt/Font;Ljava/awt/font/FontRenderContext;)V+62 java.desktop@9-internal
j  sun.font.FontDesignMetrics.getMetrics(Ljava/awt/Font;Ljava/awt/font/FontRenderContext;)Lsun/font/FontDesignMetrics;+128 java.desktop@9-internal
j  sun.swing.SwingUtilities2.getFontMetrics(Ljavax/swing/JComponent;Ljava/awt/Font;)Ljava/awt/FontMetrics;+15 java.desktop@9-internal
j  javax.swing.JComponent.getFontMetrics(Ljava/awt/Font;)Ljava/awt/FontMetrics;+2 java.desktop@9-internal
j  sun.swing.SwingUtilities2.getFontMetrics(Ljavax/swing/JComponent;Ljava/awt/Graphics;Ljava/awt/Font;)Ljava/awt/FontMetrics;+6 java.desktop@9-internal
j  sun.swing.SwingUtilities2.getFontMetrics(Ljavax/swing/JComponent;Ljava/awt/Graphics;)Ljava/awt/FontMetrics;+6 java.desktop@9-internal
j  javax.swing.plaf.basic.BasicLabelUI.paint(Ljava/awt/Graphics;Ljavax/swing/JComponent;)V+44 java.desktop@9-internal
j  javax.swing.plaf.ComponentUI.update(Ljava/awt/Graphics;Ljavax/swing/JComponent;)V+32 java.desktop@9-internal
j  javax.swing.JComponent.paintComponent(Ljava/awt/Graphics;)V+26 java.desktop@9-internal
j  javax.swing.JComponent.paint(Ljava/awt/Graphics;)V+286 java.desktop@9-internal
j  javax.swing.JComponent.paintChildren(Ljava/awt/Graphics;)V+501 java.desktop@9-internal
j  javax.swing.JComponent.paint(Ljava/awt/Graphics;)V+318 java.desktop@9-internal
j  javax.swing.JComponent.paintChildren(Ljava/awt/Graphics;)V+501 java.desktop@9-internal
j  javax.swing.JComponent.paint(Ljava/awt/Graphics;)V+318 java.desktop@9-internal
j  javax.swing.JLayeredPane.paint(Ljava/awt/Graphics;)V+73 java.desktop@9-internal
j  javax.swing.JComponent.paintChildren(Ljava/awt/Graphics;)V+501 java.desktop@9-internal
j  javax.swing.JComponent.paintToOffscreen(Ljava/awt/Graphics;IIIIII)V+72 java.desktop@9-internal
j  javax.swing.BufferStrategyPaintManager.paint(Ljavax/swing/JComponent;Ljavax/swing/JComponent;Ljava/awt/Graphics;IIII)Z+164 java.desktop@9-internal
j  javax.swing.RepaintManager.paint(Ljavax/swing/JComponent;Ljavax/swing/JComponent;Ljava/awt/Graphics;IIII)V+51 java.desktop@9-internal
j  javax.swing.JComponent.paint(Ljava/awt/Graphics;)V+221 java.desktop@9-internal
j  java.awt.GraphicsCallback$PaintCallback.run(Ljava/awt/Component;Ljava/awt/Graphics;)V+2 java.desktop@9-internal
j  sun.awt.SunGraphicsCallback.runOneComponent(Ljava/awt/Component;Ljava/awt/Rectangle;Ljava/awt/Graphics;Ljava/awt/Shape;I)V+155 java.desktop@9-internal
j  sun.awt.SunGraphicsCallback.runComponents([Ljava/awt/Component;Ljava/awt/Graphics;I)V+157 java.desktop@9-internal
j  java.awt.Container.paint(Ljava/awt/Graphics;)V+58 java.desktop@9-internal
j  java.awt.Window.paint(Ljava/awt/Graphics;)V+68 java.desktop@9-internal
j  javax.swing.RepaintManager$4.run()Ljava/lang/Void;+142 java.desktop@9-internal
j  javax.swing.RepaintManager$4.run()Ljava/lang/Object;+1 java.desktop@9-internal
v  ~StubRoutines::call_stub
j  java.security.AccessController.doPrivileged(Ljava/security/PrivilegedAction;Ljava/security/AccessControlContext;)Ljava/lang/Object;+0 java.base@9-internal
j  java.security.ProtectionDomain$JavaSecurityAccessImpl.doIntersectionPrivilege(Ljava/security/PrivilegedAction;Ljava/security/AccessControlContext;Ljava/security/AccessControlContext;)Ljava/lang/Object;+18 java.base@9-internal
j  javax.swing.RepaintManager.paintDirtyRegions(Ljava/util/Map;)V+154 java.desktop@9-internal
j  javax.swing.RepaintManager.paintDirtyRegions()V+46 java.desktop@9-internal
j  javax.swing.RepaintManager.prePaintDirtyRegions()V+73 java.desktop@9-internal
j  javax.swing.RepaintManager.access$1200(Ljavax/swing/RepaintManager;)V+1 java.desktop@9-internal
j  javax.swing.RepaintManager$ProcessingRunnable.run()V+37 java.desktop@9-internal
j  java.awt.event.InvocationEvent.dispatch()V+47 java.desktop@9-internal
j  java.awt.EventQueue.dispatchEventImpl(Ljava/awt/AWTEvent;Ljava/lang/Object;)V+21 java.desktop@9-internal
j  java.awt.EventQueue.access$500(Ljava/awt/EventQueue;Ljava/awt/AWTEvent;Ljava/lang/Object;)V+3 java.desktop@9-internal
j  java.awt.EventQueue$3.run()Ljava/lang/Void;+32 java.desktop@9-internal
j  java.awt.EventQueue$3.run()Ljava/lang/Object;+1 java.desktop@9-internal
v  ~StubRoutines::call_stub
j  java.security.AccessController.doPrivileged(Ljava/security/PrivilegedAction;Ljava/security/AccessControlContext;)Ljava/lang/Object;+0 java.base@9-internal
j  java.security.ProtectionDomain$JavaSecurityAccessImpl.doIntersectionPrivilege(Ljava/security/PrivilegedAction;Ljava/security/AccessControlContext;Ljava/security/AccessControlContext;)Ljava/lang/Object;+18 java.base@9-internal
j  java.awt.EventQueue.dispatchEvent(Ljava/awt/AWTEvent;)V+46 java.desktop@9-internal
j  java.awt.EventDispatchThread.pumpOneEventForFilters(I)V+183 java.desktop@9-internal
j  java.awt.EventDispatchThread.pumpEventsForFilter(ILjava/awt/Conditional;Ljava/awt/EventFilter;)V+35 java.desktop@9-internal
j  java.awt.EventDispatchThread.pumpEventsForHierarchy(ILjava/awt/Conditional;Ljava/awt/Component;)V+11 java.desktop@9-internal
j  java.awt.EventDispatchThread.pumpEvents(ILjava/awt/Conditional;)V+4 java.desktop@9-internal
j  java.awt.EventDispatchThread.pumpEvents(Ljava/awt/Conditional;)V+3 java.desktop@9-internal
j  java.awt.EventDispatchThread.run()V+9 java.desktop@9-internal
v  ~StubRoutines::call_stub

siginfo: si_signo: 11 (SIGSEGV), si_code: 1 (SEGV_MAPERR), si_addr: 0x0000000000000000

Register to memory mapping:

RAX=0x0000000000000000 is an unknown value
RBX=0x0000000000000000 is an unknown value
RCX=0x0000000000000000 is an unknown value
RDX=0x0000000000010002 is an unknown value
RSP=0x00007f6f9a3015b0 is pointing into the stack for thread: 0x00007f701c394000
RBP=0x00007f6f9a3015c0 is pointing into the stack for thread: 0x00007f701c394000
RSI=0x0000000000010002 is an unknown value
RDI=0x0000000000000000 is an unknown value
R8 =0x0000000000000000 is an unknown value
R9 =0x000000000002c000 is an unknown value
R10=0x00000000000001db is an unknown value
R11=0x00007f702084bff0: JNU_GetEnv+0x0000000000000000 in /usr/lib/jvm/java-9-openjdk-amd64/lib/amd64/libjava.so at 0x00007f702082f000
R12=0x00007f6f8402bf20 is an unknown value
R13=0x0000000000000000 is an unknown value
R14=0x0000000000000000 is an unknown value
R15=0x00007f6f8402bf80 is an unknown value


Registers:
RAX=0x0000000000000000, RBX=0x0000000000000000, RCX=0x0000000000000000, RDX=0x0000000000010002
RSP=0x00007f6f9a3015b0, RBP=0x00007f6f9a3015c0, RSI=0x0000000000010002, RDI=0x0000000000000000
R8 =0x0000000000000000, R9 =0x000000000002c000, R10=0x00000000000001db, R11=0x00007f702084bff0
R12=0x00007f6f8402bf20, R13=0x0000000000000000, R14=0x0000000000000000, R15=0x00007f6f8402bf80
RIP=0x00007f702084c009, EFLAGS=0x0000000000010246, CSGSFS=0x002b000000000033, ERR=0x0000000000000004
  TRAPNO=0x000000000000000e

Top of Stack: (sp=0x00007f6f9a3015b0)
0x00007f6f9a3015b0:   0000000000000000 890cbaac29a23200
0x00007f6f9a3015c0:   00007f6f9a301600 00007f6f9b11df8e
0x00007f6f9a3015d0:   00007f6f84000078 00007f6f8402bf20
0x00007f6f9a3015e0:   0000000000000000 0000000000000000
0x00007f6f9a3015f0:   00007f6f8402bf20 00007f6f8402bf80
0x00007f6f9a301600:   0000000000000000 00007f6f9ae54d2b
0x00007f6f9a301610:   0000000000000000 00007f6f9b0e6d80
0x00007f6f9a301620:   0000000000000000 00007f6f9ae688e0
0x00007f6f9a301630:   0000000000000002 0000003200000008
0x00007f6f9a301640:   0000000000000000 0000000000000000
0x00007f6f9a301650:   0000006e0000005b 0000000000000000
0x00007f6f9a301660:   0000000000000000 0000007c00000077
0x00007f6f9a301670:   0000000000000000 0000000000000000
0x00007f6f9a301680:   0000000001010101 0101010101010101
0x00007f6f9a301690:   0000000000000000 00007f6f84000020
0x00007f6f9a3016a0:   0000000000000070 00007f6f9a301754
0x00007f6f9a3016b0:   00007f6f84020e90 00007f6f8402bf80
0x00007f6f9a3016c0:   00007f6f9a301754 00007f7022f5a184
0x00007f6f9a3016d0:   00007f6f9a301820 00007f6f9a301704
0x00007f6f9a3016e0:   00007f6f9b0e39e0 890cbaac29a23200
0x00007f6f9a3016f0:   0000000000000070 00007f6f84020e60
0x00007f6f9a301700:   00007f6f9b0e39e0 00007f6f9a301818
0x00007f6f9a301710:   00007f6f84020e90 00007f6f8402bf80
0x00007f6f9a301720:   00007f6f8402c4b0 00007f6f9ae574c2
0x00007f6f9a301730:   0000000100000000 00007f6f9a301820
0x00007f6f9a301740:   0000000000000000 0000000000000000
0x00007f6f9a301750:   000000009a301818 890cbaac29a23200
0x00007f6f9a301760:   00007f6f84020e60 00007f6f9a301820
0x00007f6f9a301770:   0000000000000000 00007f6f8402b328
0x00007f6f9a301780:   00007f6f9a301a20 00007f6f8402b288
0x00007f6f9a301790:   00007f6f84020e90 00007f6f9ae59581
0x00007f6f9a3017a0:   00007f6f9a301820 00007f6f9ae59376 

Instructions: (pc=0x00007f702084c009)
0x00007f702084bfe9:   ff eb ea 0f 1f 40 00 55 89 f2 48 89 e5 48 83 ec
0x00007f702084bff9:   10 64 48 8b 04 25 28 00 00 00 48 89 45 f8 31 c0
0x00007f702084c009:   48 8b 07 48 8d 75 f0 ff 50 30 48 8b 4d f8 64 48
0x00007f702084c019:   33 0c 25 28 00 00 00 48 8b 45 f0 75 02 c9 c3 e8 


---------------  P R O C E S S  ---------------

Java Threads: ( => current thread )
  0x00007f701c011000 JavaThread "DestroyJavaVM" [_thread_blocked, id=30208, stack(0x00007f70235ad000,0x00007f70236ae000)]
=>0x00007f701c394000 JavaThread "AWT-EventQueue-0" [_thread_in_native, id=30235, stack(0x00007f6f9a207000,0x00007f6f9a308000)]
  0x00007f701c392800 JavaThread "AWT-Shutdown" [_thread_blocked, id=30234, stack(0x00007f6f9a308000,0x00007f6f9a409000)]
  0x00007f701c322000 JavaThread "AWT-XAWT" daemon [_thread_in_native, id=30233, stack(0x00007f6f9a609000,0x00007f6f9a70a000)]
  0x00007f701c301000 JavaThread "Java2D Disposer" daemon [_thread_blocked, id=30232, stack(0x00007f6f9ab1a000,0x00007f6f9ac1b000)]
  0x00007f701c19c000 JavaThread "Service Thread" daemon [_thread_blocked, id=30230, stack(0x00007f6fa8be6000,0x00007f6fa8ce7000)]
  0x00007f701c15a000 JavaThread "Common-Cleaner" daemon [_thread_blocked, id=30229, stack(0x00007f6fa8ce7000,0x00007f6fa8de8000)]
  0x00007f701c13a800 JavaThread "Sweeper thread" daemon [_thread_blocked, id=30228, stack(0x00007f6fd4231000,0x00007f6fd4332000)]
  0x00007f701c138800 JavaThread "C1 CompilerThread2" daemon [_thread_blocked, id=30227, stack(0x00007f6fd4332000,0x00007f6fd4433000)]
  0x00007f701c136800 JavaThread "C2 CompilerThread1" daemon [_thread_blocked, id=30226, stack(0x00007f6fd4433000,0x00007f6fd4534000)]
  0x00007f701c135000 JavaThread "C2 CompilerThread0" daemon [_thread_blocked, id=30225, stack(0x00007f6fd4534000,0x00007f6fd4635000)]
  0x00007f701c130800 JavaThread "Signal Dispatcher" daemon [_thread_blocked, id=30224, stack(0x00007f6fd4635000,0x00007f6fd4736000)]
  0x00007f701c12e800 JavaThread "Surrogate Locker Thread (Concurrent GC)" daemon [_thread_blocked, id=30223, stack(0x00007f6fd4736000,0x00007f6fd4837000)]
  0x00007f701c11d000 JavaThread "Finalizer" daemon [_thread_blocked, id=30222, stack(0x00007f6fd5c87000,0x00007f6fd5d88000)]
  0x00007f701c119000 JavaThread "Reference Handler" daemon [_thread_blocked, id=30221, stack(0x00007f6fd5d88000,0x00007f6fd5e89000)]

Other Threads:
  0x00007f701c10f000 VMThread [stack: 0x00007f6fd5e89000,0x00007f6fd5f8a000] [id=30220]
  0x00007f701c230800 WatcherThread [stack: 0x00007f6fa8ae5000,0x00007f6fa8be6000] [id=30231]

Threads with active compile tasks:

VM state:not at safepoint (normal execution)

VM Mutex/Monitor currently owned by a thread: None

heap address: 0x00000000a4a00000, size: 1462 MB, Compressed Oops mode: 32-bit
Narrow klass base: 0x0000000000000000, Narrow klass shift: 3
Compressed class space size: 1073741824 Address: 0x0000000100000000

Heap:
 garbage-first heap   total 94208K, used 5120K [0x00000000a4a00000, 0x00000000a4b002e0, 0x0000000100000000)
  region size 1024K, 6 young (6144K), 0 survivors (0K)
 Metaspace       used 10784K, capacity 11128K, committed 11392K, reserved 1058816K
  class space    used 1216K, capacity 1332K, committed 1408K, reserved 1048576K

Heap Regions: E=young(eden), S=young(survivor), O=old, HS=humongous(starts), HC=humongous(continues), CS=collection set, F=free, A=archive, TS=gc time stamp, AC=allocation context, TAMS=top-at-mark-start (previous, next)
|   0|0x00000000a4a00000, 0x00000000a4a00000, 0x00000000a4b00000|  0%| F|  |TS  0|AC  0|TAMS 0x00000000a4a00000, 0x00000000a4a00000|
|   1|0x00000000a4b00000, 0x00000000a4b00000, 0x00000000a4c00000|  0%| F|  |TS  0|AC  0|TAMS 0x00000000a4b00000, 0x00000000a4b00000|
|   2|0x00000000a4c00000, 0x00000000a4c00000, 0x00000000a4d00000|  0%| F|  |TS  0|AC  0|TAMS 0x00000000a4c00000, 0x00000000a4c00000|
|   3|0x00000000a4d00000, 0x00000000a4d00000, 0x00000000a4e00000|  0%| F|  |TS  0|AC  0|TAMS 0x00000000a4d00000, 0x00000000a4d00000|
|   4|0x00000000a4e00000, 0x00000000a4e00000, 0x00000000a4f00000|  0%| F|  |TS  0|AC  0|TAMS 0x00000000a4e00000, 0x00000000a4e00000|
|   5|0x00000000a4f00000, 0x00000000a4f00000, 0x00000000a5000000|  0%| F|  |TS  0|AC  0|TAMS 0x00000000a4f00000, 0x00000000a4f00000|
|   6|0x00000000a5000000, 0x00000000a5000000, 0x00000000a5100000|  0%| F|  |TS  0|AC  0|TAMS 0x00000000a5000000, 0x00000000a5000000|
|   7|0x00000000a5100000, 0x00000000a5100000, 0x00000000a5200000|  0%| F|  |TS  0|AC  0|TAMS 0x00000000a5100000, 0x00000000a5100000|
|   8|0x00000000a5200000, 0x00000000a5200000, 0x00000000a5300000|  0%| F|  |TS  0|AC  0|TAMS 0x00000000a5200000, 0x00000000a5200000|
|   9|0x00000000a5300000, 0x00000000a5300000, 0x00000000a5400000|  0%| F|  |TS  0|AC  0|TAMS 0x00000000a5300000, 0x00000000a5300000|
|  10|0x00000000a5400000, 0x00000000a5400000, 0x00000000a5500000|  0%| F|  |TS  0|AC  0|TAMS 0x00000000a5400000, 0x00000000a5400000|
|  11|0x00000000a5500000, 0x00000000a5500000, 0x00000000a5600000|  0%| F|  |TS  0|AC  0|TAMS 0x00000000a5500000, 0x00000000a5500000|
|  12|0x00000000a5600000, 0x00000000a5600000, 0x00000000a5700000|  0%| F|  |TS  0|AC  0|TAMS 0x00000000a5600000, 0x00000000a5600000|
|  13|0x00000000a5700000, 0x00000000a5700000, 0x00000000a5800000|  0%| F|  |TS  0|AC  0|TAMS 0x00000000a5700000, 0x00000000a5700000|
|  14|0x00000000a5800000, 0x00000000a5800000, 0x00000000a5900000|  0%| F|  |TS  0|AC  0|TAMS 0x00000000a5800000, 0x00000000a5800000|
|  15|0x00000000a5900000, 0x00000000a5900000, 0x00000000a5a00000|  0%| F|  |TS  0|AC  0|TAMS 0x00000000a5900000, 0x00000000a5900000|
|  16|0x00000000a5a00000, 0x00000000a5a00000, 0x00000000a5b00000|  0%| F|  |TS  0|AC  0|TAMS 0x00000000a5a00000, 0x00000000a5a00000|
|  17|0x00000000a5b00000, 0x00000000a5b00000, 0x00000000a5c00000|  0%| F|  |TS  0|AC  0|TAMS 0x00000000a5b00000, 0x00000000a5b00000|
|  18|0x00000000a5c00000, 0x00000000a5c00000, 0x00000000a5d00000|  0%| F|  |TS  0|AC  0|TAMS 0x00000000a5c00000, 0x00000000a5c00000|
|  19|0x00000000a5d00000, 0x00000000a5d00000, 0x00000000a5e00000|  0%| F|  |TS  0|AC  0|TAMS 0x00000000a5d00000, 0x00000000a5d00000|
|  20|0x00000000a5e00000, 0x00000000a5e00000, 0x00000000a5f00000|  0%| F|  |TS  0|AC  0|TAMS 0x00000000a5e00000, 0x00000000a5e00000|
|  21|0x00000000a5f00000, 0x00000000a5f00000, 0x00000000a6000000|  0%| F|  |TS  0|AC  0|TAMS 0x00000000a5f00000, 0x00000000a5f00000|
|  22|0x00000000a6000000, 0x00000000a6000000, 0x00000000a6100000|  0%| F|  |TS  0|AC  0|TAMS 0x00000000a6000000, 0x00000000a6000000|
|  23|0x00000000a6100000, 0x00000000a6100000, 0x00000000a6200000|  0%| F|  |TS  0|AC  0|TAMS 0x00000000a6100000, 0x00000000a6100000|
|  24|0x00000000a6200000, 0x00000000a6200000, 0x00000000a6300000|  0%| F|  |TS  0|AC  0|TAMS 0x00000000a6200000, 0x00000000a6200000|
|  25|0x00000000a6300000, 0x00000000a6300000, 0x00000000a6400000|  0%| F|  |TS  0|AC  0|TAMS 0x00000000a6300000, 0x00000000a6300000|
|  26|0x00000000a6400000, 0x00000000a6400000, 0x00000000a6500000|  0%| F|  |TS  0|AC  0|TAMS 0x00000000a6400000, 0x00000000a6400000|
|  27|0x00000000a6500000, 0x00000000a6500000, 0x00000000a6600000|  0%| F|  |TS  0|AC  0|TAMS 0x00000000a6500000, 0x00000000a6500000|
|  28|0x00000000a6600000, 0x00000000a6600000, 0x00000000a6700000|  0%| F|  |TS  0|AC  0|TAMS 0x00000000a6600000, 0x00000000a6600000|
|  29|0x00000000a6700000, 0x00000000a6700000, 0x00000000a6800000|  0%| F|  |TS  0|AC  0|TAMS 0x00000000a6700000, 0x00000000a6700000|
|  30|0x00000000a6800000, 0x00000000a6800000, 0x00000000a6900000|  0%| F|  |TS  0|AC  0|TAMS 0x00000000a6800000, 0x00000000a6800000|
|  31|0x00000000a6900000, 0x00000000a6900000, 0x00000000a6a00000|  0%| F|  |TS  0|AC  0|TAMS 0x00000000a6900000, 0x00000000a6900000|
|  32|0x00000000a6a00000, 0x00000000a6a00000, 0x00000000a6b00000|  0%| F|  |TS  0|AC  0|TAMS 0x00000000a6a00000, 0x00000000a6a00000|
|  33|0x00000000a6b00000, 0x00000000a6b00000, 0x00000000a6c00000|  0%| F|  |TS  0|AC  0|TAMS 0x00000000a6b00000, 0x00000000a6b00000|
|  34|0x00000000a6c00000, 0x00000000a6c00000, 0x00000000a6d00000|  0%| F|  |TS  0|AC  0|TAMS 0x00000000a6c00000, 0x00000000a6c00000|
|  35|0x00000000a6d00000, 0x00000000a6d00000, 0x00000000a6e00000|  0%| F|  |TS  0|AC  0|TAMS 0x00000000a6d00000, 0x00000000a6d00000|
|  36|0x00000000a6e00000, 0x00000000a6e00000, 0x00000000a6f00000|  0%| F|  |TS  0|AC  0|TAMS 0x00000000a6e00000, 0x00000000a6e00000|
|  37|0x00000000a6f00000, 0x00000000a6f00000, 0x00000000a7000000|  0%| F|  |TS  0|AC  0|TAMS 0x00000000a6f00000, 0x00000000a6f00000|
|  38|0x00000000a7000000, 0x00000000a7000000, 0x00000000a7100000|  0%| F|  |TS  0|AC  0|TAMS 0x00000000a7000000, 0x00000000a7000000|
|  39|0x00000000a7100000, 0x00000000a7100000, 0x00000000a7200000|  0%| F|  |TS  0|AC  0|TAMS 0x00000000a7100000, 0x00000000a7100000|
|  40|0x00000000a7200000, 0x00000000a7200000, 0x00000000a7300000|  0%| F|  |TS  0|AC  0|TAMS 0x00000000a7200000, 0x00000000a7200000|
|  41|0x00000000a7300000, 0x00000000a7300000, 0x00000000a7400000|  0%| F|  |TS  0|AC  0|TAMS 0x00000000a7300000, 0x00000000a7300000|
|  42|0x00000000a7400000, 0x00000000a7400000, 0x00000000a7500000|  0%| F|  |TS  0|AC  0|TAMS 0x00000000a7400000, 0x00000000a7400000|
|  43|0x00000000a7500000, 0x00000000a7500000, 0x00000000a7600000|  0%| F|  |TS  0|AC  0|TAMS 0x00000000a7500000, 0x00000000a7500000|
|  44|0x00000000a7600000, 0x00000000a7600000, 0x00000000a7700000|  0%| F|  |TS  0|AC  0|TAMS 0x00000000a7600000, 0x00000000a7600000|
|  45|0x00000000a7700000, 0x00000000a7700000, 0x00000000a7800000|  0%| F|  |TS  0|AC  0|TAMS 0x00000000a7700000, 0x00000000a7700000|
|  46|0x00000000a7800000, 0x00000000a7800000, 0x00000000a7900000|  0%| F|  |TS  0|AC  0|TAMS 0x00000000a7800000, 0x00000000a7800000|
|  47|0x00000000a7900000, 0x00000000a7900000, 0x00000000a7a00000|  0%| F|  |TS  0|AC  0|TAMS 0x00000000a7900000, 0x00000000a7900000|
|  48|0x00000000a7a00000, 0x00000000a7a00000, 0x00000000a7b00000|  0%| F|  |TS  0|AC  0|TAMS 0x00000000a7a00000, 0x00000000a7a00000|
|  49|0x00000000a7b00000, 0x00000000a7b00000, 0x00000000a7c00000|  0%| F|  |TS  0|AC  0|TAMS 0x00000000a7b00000, 0x00000000a7b00000|
|  50|0x00000000a7c00000, 0x00000000a7c00000, 0x00000000a7d00000|  0%| F|  |TS  0|AC  0|TAMS 0x00000000a7c00000, 0x00000000a7c00000|
|  51|0x00000000a7d00000, 0x00000000a7d00000, 0x00000000a7e00000|  0%| F|  |TS  0|AC  0|TAMS 0x00000000a7d00000, 0x00000000a7d00000|
|  52|0x00000000a7e00000, 0x00000000a7e00000, 0x00000000a7f00000|  0%| F|  |TS  0|AC  0|TAMS 0x00000000a7e00000, 0x00000000a7e00000|
|  53|0x00000000a7f00000, 0x00000000a7f00000, 0x00000000a8000000|  0%| F|  |TS  0|AC  0|TAMS 0x00000000a7f00000, 0x00000000a7f00000|
|  54|0x00000000a8000000, 0x00000000a8000000, 0x00000000a8100000|  0%| F|  |TS  0|AC  0|TAMS 0x00000000a8000000, 0x00000000a8000000|
|  55|0x00000000a8100000, 0x00000000a8100000, 0x00000000a8200000|  0%| F|  |TS  0|AC  0|TAMS 0x00000000a8100000, 0x00000000a8100000|
|  56|0x00000000a8200000, 0x00000000a8200000, 0x00000000a8300000|  0%| F|  |TS  0|AC  0|TAMS 0x00000000a8200000, 0x00000000a8200000|
|  57|0x00000000a8300000, 0x00000000a8300000, 0x00000000a8400000|  0%| F|  |TS  0|AC  0|TAMS 0x00000000a8300000, 0x00000000a8300000|
|  58|0x00000000a8400000, 0x00000000a8400000, 0x00000000a8500000|  0%| F|  |TS  0|AC  0|TAMS 0x00000000a8400000, 0x00000000a8400000|
|  59|0x00000000a8500000, 0x00000000a8500000, 0x00000000a8600000|  0%| F|  |TS  0|AC  0|TAMS 0x00000000a8500000, 0x00000000a8500000|
|  60|0x00000000a8600000, 0x00000000a8600000, 0x00000000a8700000|  0%| F|  |TS  0|AC  0|TAMS 0x00000000a8600000, 0x00000000a8600000|
|  61|0x00000000a8700000, 0x00000000a8700000, 0x00000000a8800000|  0%| F|  |TS  0|AC  0|TAMS 0x00000000a8700000, 0x00000000a8700000|
|  62|0x00000000a8800000, 0x00000000a8800000, 0x00000000a8900000|  0%| F|  |TS  0|AC  0|TAMS 0x00000000a8800000, 0x00000000a8800000|
|  63|0x00000000a8900000, 0x00000000a8900000, 0x00000000a8a00000|  0%| F|  |TS  0|AC  0|TAMS 0x00000000a8900000, 0x00000000a8900000|
|  64|0x00000000a8a00000, 0x00000000a8a00000, 0x00000000a8b00000|  0%| F|  |TS  0|AC  0|TAMS 0x00000000a8a00000, 0x00000000a8a00000|
|  65|0x00000000a8b00000, 0x00000000a8b00000, 0x00000000a8c00000|  0%| F|  |TS  0|AC  0|TAMS 0x00000000a8b00000, 0x00000000a8b00000|
|  66|0x00000000a8c00000, 0x00000000a8c00000, 0x00000000a8d00000|  0%| F|  |TS  0|AC  0|TAMS 0x00000000a8c00000, 0x00000000a8c00000|
|  67|0x00000000a8d00000, 0x00000000a8d00000, 0x00000000a8e00000|  0%| F|  |TS  0|AC  0|TAMS 0x00000000a8d00000, 0x00000000a8d00000|
|  68|0x00000000a8e00000, 0x00000000a8e00000, 0x00000000a8f00000|  0%| F|  |TS  0|AC  0|TAMS 0x00000000a8e00000, 0x00000000a8e00000|
|  69|0x00000000a8f00000, 0x00000000a8f00000, 0x00000000a9000000|  0%| F|  |TS  0|AC  0|TAMS 0x00000000a8f00000, 0x00000000a8f00000|
|  70|0x00000000a9000000, 0x00000000a9000000, 0x00000000a9100000|  0%| F|  |TS  0|AC  0|TAMS 0x00000000a9000000, 0x00000000a9000000|
|  71|0x00000000a9100000, 0x00000000a9100000, 0x00000000a9200000|  0%| F|  |TS  0|AC  0|TAMS 0x00000000a9100000, 0x00000000a9100000|
|  72|0x00000000a9200000, 0x00000000a9200000, 0x00000000a9300000|  0%| F|  |TS  0|AC  0|TAMS 0x00000000a9200000, 0x00000000a9200000|
|  73|0x00000000a9300000, 0x00000000a9300000, 0x00000000a9400000|  0%| F|  |TS  0|AC  0|TAMS 0x00000000a9300000, 0x00000000a9300000|
|  74|0x00000000a9400000, 0x00000000a9400000, 0x00000000a9500000|  0%| F|  |TS  0|AC  0|TAMS 0x00000000a9400000, 0x00000000a9400000|
|  75|0x00000000a9500000, 0x00000000a9500000, 0x00000000a9600000|  0%| F|  |TS  0|AC  0|TAMS 0x00000000a9500000, 0x00000000a9500000|
|  76|0x00000000a9600000, 0x00000000a9600000, 0x00000000a9700000|  0%| F|  |TS  0|AC  0|TAMS 0x00000000a9600000, 0x00000000a9600000|
|  77|0x00000000a9700000, 0x00000000a9700000, 0x00000000a9800000|  0%| F|  |TS  0|AC  0|TAMS 0x00000000a9700000, 0x00000000a9700000|
|  78|0x00000000a9800000, 0x00000000a9800000, 0x00000000a9900000|  0%| F|  |TS  0|AC  0|TAMS 0x00000000a9800000, 0x00000000a9800000|
|  79|0x00000000a9900000, 0x00000000a9900000, 0x00000000a9a00000|  0%| F|  |TS  0|AC  0|TAMS 0x00000000a9900000, 0x00000000a9900000|
|  80|0x00000000a9a00000, 0x00000000a9a00000, 0x00000000a9b00000|  0%| F|  |TS  0|AC  0|TAMS 0x00000000a9a00000, 0x00000000a9a00000|
|  81|0x00000000a9b00000, 0x00000000a9b00000, 0x00000000a9c00000|  0%| F|  |TS  0|AC  0|TAMS 0x00000000a9b00000, 0x00000000a9b00000|
|  82|0x00000000a9c00000, 0x00000000a9c00000, 0x00000000a9d00000|  0%| F|  |TS  0|AC  0|TAMS 0x00000000a9c00000, 0x00000000a9c00000|
|  83|0x00000000a9d00000, 0x00000000a9d00000, 0x00000000a9e00000|  0%| F|  |TS  0|AC  0|TAMS 0x00000000a9d00000, 0x00000000a9d00000|
|  84|0x00000000a9e00000, 0x00000000a9e00000, 0x00000000a9f00000|  0%| F|  |TS  0|AC  0|TAMS 0x00000000a9e00000, 0x00000000a9e00000|
|  85|0x00000000a9f00000, 0x00000000a9f00000, 0x00000000aa000000|  0%| F|  |TS  0|AC  0|TAMS 0x00000000a9f00000, 0x00000000a9f00000|
|  86|0x00000000aa000000, 0x00000000aa0fd9c8, 0x00000000aa100000| 99%| E|  |TS  0|AC  0|TAMS 0x00000000aa000000, 0x00000000aa000000|
|  87|0x00000000aa100000, 0x00000000aa200000, 0x00000000aa200000|100%| E|CS|TS  0|AC  0|TAMS 0x00000000aa100000, 0x00000000aa100000|
|  88|0x00000000aa200000, 0x00000000aa300000, 0x00000000aa300000|100%| E|CS|TS  0|AC  0|TAMS 0x00000000aa200000, 0x00000000aa200000|
|  89|0x00000000aa300000, 0x00000000aa400000, 0x00000000aa400000|100%| E|CS|TS  0|AC  0|TAMS 0x00000000aa300000, 0x00000000aa300000|
|  90|0x00000000aa400000, 0x00000000aa500000, 0x00000000aa500000|100%| E|CS|TS  0|AC  0|TAMS 0x00000000aa400000, 0x00000000aa400000|
|  91|0x00000000aa500000, 0x00000000aa600000, 0x00000000aa600000|100%| E|CS|TS  0|AC  0|TAMS 0x00000000aa500000, 0x00000000aa500000|

Card table byte_map: [0x00007f7004093000,0x00007f700436e000] byte_map_base: 0x00007f7003b6e000

Marking Bits (Prev, Next): (CMBitMap*) 0x00007f701c055d10, (CMBitMap*) 0x00007f701c055d68
 Prev Bits: [0x00007f6fde64d000, 0x00007f6fdfd25000)
 Next Bits: [0x00007f6fdcf75000, 0x00007f6fde64d000)

Polling page: 0x00007f70236d2000

CodeHeap 'non-nmethods': size=5696Kb used=1253Kb max_used=1268Kb free=4443Kb
 bounds [0x00007f7005631000, 0x00007f70058a1000, 0x00007f7005bc1000]
CodeHeap 'profiled nmethods': size=120032Kb used=818Kb max_used=818Kb free=119213Kb
 bounds [0x00007f7005bc1000, 0x00007f7005e31000, 0x00007f700d0f9000]
CodeHeap 'non-profiled nmethods': size=120032Kb used=179Kb max_used=179Kb free=119852Kb
 bounds [0x00007f700d0f9000, 0x00007f700d369000, 0x00007f7014631000]
 total_blobs=1183 nmethods=537 adapters=425
 compilation: enabled

Compilation events (10 events):
Event: 0.413 Thread 0x00007f701c138800 nmethod 536 0x00007f7005c8ca10 code [0x00007f7005c8cba0, 0x00007f7005c8ce10]
Event: 0.413 Thread 0x00007f701c138800  534       3       java.util.HashMap::afterNodeAccess (1 bytes)
Event: 0.414 Thread 0x00007f701c135000  522       4       java.lang.AbstractStringBuilder::ensureCapacityInternal (39 bytes)
Event: 0.418 Thread 0x00007f701c138800 nmethod 534 0x00007f7005c8cf10 code [0x00007f7005c8d080, 0x00007f7005c8d1d0]
Event: 0.418 Thread 0x00007f701c135000 nmethod 522 0x00007f700d122d90 code [0x00007f700d122f00, 0x00007f700d1232d8]
Event: 0.419 Thread 0x00007f701c135000  532       4       java.lang.AbstractStringBuilder::append (45 bytes)
Event: 0.419 Thread 0x00007f701c138800  538       3       java.nio.HeapByteBuffer::_get (7 bytes)
Event: 0.419 Thread 0x00007f701c138800 nmethod 538 0x00007f7005c8d290 code [0x00007f7005c8d400, 0x00007f7005c8d570]
Event: 0.419 Thread 0x00007f701c138800  521       3       java.lang.invoke.MemberName::isField (7 bytes)
Event: 0.419 Thread 0x00007f701c138800 nmethod 521 0x00007f7005c8d690 code [0x00007f7005c8d820, 0x00007f7005c8da90]

GC Heap History (0 events):
No events

Deoptimization events (10 events):
Event: 0.106 Thread 0x00007f701c011000 Uncommon trap: reason=bimorphic_or_optimized_type_check action=maybe_recompile pc=0x00007f700d0ffa10 method=java.util.Collections$UnmodifiableCollection$1.next()Ljava/lang/Object; @ 4
Event: 0.106 Thread 0x00007f701c011000 Uncommon trap: reason=bimorphic_or_optimized_type_check action=maybe_recompile pc=0x00007f700d0ffa10 method=java.util.Collections$UnmodifiableCollection$1.next()Ljava/lang/Object; @ 4
Event: 0.294 Thread 0x00007f701c011000 Uncommon trap: reason=unstable_if action=reinterpret pc=0x00007f700d105450 method=java.util.HashMap.hash(Ljava/lang/Object;)I @ 1
Event: 0.299 Thread 0x00007f701c011000 Uncommon trap: reason=class_check action=maybe_recompile pc=0x00007f700d102ce8 method=java.util.HashMap.putVal(ILjava/lang/Object;Ljava/lang/Object;ZZ)Ljava/lang/Object; @ 91
Event: 0.316 Thread 0x00007f701c011000 Uncommon trap: reason=class_check action=maybe_recompile pc=0x00007f700d1027ac method=java.util.HashMap.putVal(ILjava/lang/Object;Ljava/lang/Object;ZZ)Ljava/lang/Object; @ 253
Event: 0.316 Thread 0x00007f701c011000 Uncommon trap: reason=class_check action=maybe_recompile pc=0x00007f700d1027ac method=java.util.HashMap.putVal(ILjava/lang/Object;Ljava/lang/Object;ZZ)Ljava/lang/Object; @ 253
Event: 0.317 Thread 0x00007f701c011000 Uncommon trap: reason=class_check action=maybe_recompile pc=0x00007f700d1027ac method=java.util.HashMap.putVal(ILjava/lang/Object;Ljava/lang/Object;ZZ)Ljava/lang/Object; @ 253
Event: 0.318 Thread 0x00007f701c011000 Uncommon trap: reason=unstable_fused_if action=reinterpret pc=0x00007f700d10fbf4 method=jdk.internal.org.objectweb.asm.ByteVector.putUTF8(Ljava/lang/String;)Ljdk/internal/org/objectweb/asm/ByteVector; @ 91
Event: 0.405 Thread 0x00007f701c394000 Uncommon trap: reason=class_check action=maybe_recompile pc=0x00007f700d11dcf4 method=java.util.HashMap.putVal(ILjava/lang/Object;Ljava/lang/Object;ZZ)Ljava/lang/Object; @ 203
Event: 0.405 Thread 0x00007f701c394000 Uncommon trap: reason=class_check action=maybe_recompile pc=0x00007f700d11dcf4 method=java.util.HashMap.putVal(ILjava/lang/Object;Ljava/lang/Object;ZZ)Ljava/lang/Object; @ 203

Classes redefined (0 events):
No events

Internal exceptions (6 events):
Event: 0.164 Thread 0x00007f701c011000 Exception <a 'java/lang/ClassNotFoundException': sun/awt/resources/awtProvider> (0x00000000aa356848) thrown at [/build/openjdk-9-argm_o/openjdk-9-9~b114/src/hotspot/src/share/vm/classfile/systemDictionary.cpp, line 224]
Event: 0.178 Thread 0x00007f701c011000 Exception <a 'java/io/FileNotFoundException'> (0x00000000aa396358) thrown at [/build/openjdk-9-argm_o/openjdk-9-9~b114/src/hotspot/src/share/vm/prims/jni.cpp, line 605]
Event: 0.179 Thread 0x00007f701c011000 Exception <a 'java/io/FileNotFoundException'> (0x00000000aa39e388) thrown at [/build/openjdk-9-argm_o/openjdk-9-9~b114/src/hotspot/src/share/vm/prims/jni.cpp, line 605]
Event: 0.285 Thread 0x00007f701c011000 Exception <a 'java/lang/ClassNotFoundException': com/sun/swing/internal/plaf/metal/resources/metalProvider> (0x00000000aa158908) thrown at [/build/openjdk-9-argm_o/openjdk-9-9~b114/src/hotspot/src/share/vm/classfile/systemDictionary.cpp, line 224]
Event: 0.286 Thread 0x00007f701c011000 Exception <a 'java/lang/ClassNotFoundException': com/sun/swing/internal/plaf/basic/resources/basicProvider> (0x00000000aa15bfc8) thrown at [/build/openjdk-9-argm_o/openjdk-9-9~b114/src/hotspot/src/share/vm/classfile/systemDictionary.cpp, line 224]
Event: 0.294 Thread 0x00007f701c011000 Implicit null exception at 0x00007f700d1053b8 to 0x00007f700d105446

Events (10 events):
Event: 0.420 loading class sun/nio/cs/UTF_16$Decoder
Event: 0.420 loading class sun/nio/cs/UnicodeDecoder
Event: 0.420 loading class sun/nio/cs/UnicodeDecoder done
Event: 0.420 loading class sun/nio/cs/UTF_16$Decoder done
Event: 0.421 loading class sun/font/FileFontStrike
Event: 0.421 loading class sun/font/FileFontStrike done
Event: 0.421 loading class sun/font/FontScaler
Event: 0.421 loading class sun/font/FontScaler done
Event: 0.421 loading class sun/font/FreetypeFontScaler
Event: 0.422 loading class sun/font/FreetypeFontScaler done


Dynamic libraries:
00400000-00401000 r-xp 00000000 08:02 1459238                            /usr/lib/jvm/java-9-openjdk-amd64/bin/java
00600000-00601000 r--p 00000000 08:02 1459238                            /usr/lib/jvm/java-9-openjdk-amd64/bin/java
00601000-00602000 rw-p 00001000 08:02 1459238                            /usr/lib/jvm/java-9-openjdk-amd64/bin/java
011b3000-011d4000 rw-p 00000000 00:00 0                                  [heap]
a4a00000-aa600000 rw-p 00000000 00:00 0 
aa600000-100000000 ---p 00000000 00:00 0 
100000000-100160000 rw-p 00000000 00:00 0 
100160000-140000000 ---p 00000000 00:00 0 
7f6f84000000-7f6f84030000 rw-p 00000000 00:00 0 
7f6f84030000-7f6f88000000 ---p 00000000 00:00 0 
7f6f8c000000-7f6f8c021000 rw-p 00000000 00:00 0 
7f6f8c021000-7f6f90000000 ---p 00000000 00:00 0 
7f6f90000000-7f6f90021000 rw-p 00000000 00:00 0 
7f6f90021000-7f6f94000000 ---p 00000000 00:00 0 
7f6f94000000-7f6f94021000 rw-p 00000000 00:00 0 
7f6f94021000-7f6f98000000 ---p 00000000 00:00 0 
7f6f9a207000-7f6f9a20b000 ---p 00000000 00:00 0 
7f6f9a20b000-7f6f9a308000 rw-p 00000000 00:00 0 
7f6f9a308000-7f6f9a30c000 ---p 00000000 00:00 0 
7f6f9a30c000-7f6f9a5c9000 rw-p 00000000 00:00 0 
7f6f9a5c9000-7f6f9a609000 ---p 00000000 00:00 0 
7f6f9a609000-7f6f9a60d000 ---p 00000000 00:00 0 
7f6f9a60d000-7f6f9a70a000 rw-p 00000000 00:00 0 
7f6f9a70a000-7f6f9a70f000 r-xp 00000000 08:02 1447117                    /usr/lib/x86_64-linux-gnu/libXfixes.so.3.1.0
7f6f9a70f000-7f6f9a90e000 ---p 00005000 08:02 1447117                    /usr/lib/x86_64-linux-gnu/libXfixes.so.3.1.0
7f6f9a90e000-7f6f9a90f000 r--p 00004000 08:02 1447117                    /usr/lib/x86_64-linux-gnu/libXfixes.so.3.1.0
7f6f9a90f000-7f6f9a910000 rw-p 00005000 08:02 1447117                    /usr/lib/x86_64-linux-gnu/libXfixes.so.3.1.0
7f6f9a910000-7f6f9a919000 r-xp 00000000 08:02 1439144                    /usr/lib/x86_64-linux-gnu/libXcursor.so.1.0.2
7f6f9a919000-7f6f9ab18000 ---p 00009000 08:02 1439144                    /usr/lib/x86_64-linux-gnu/libXcursor.so.1.0.2
7f6f9ab18000-7f6f9ab19000 r--p 00008000 08:02 1439144                    /usr/lib/x86_64-linux-gnu/libXcursor.so.1.0.2
7f6f9ab19000-7f6f9ab1a000 rw-p 00009000 08:02 1439144                    /usr/lib/x86_64-linux-gnu/libXcursor.so.1.0.2
7f6f9ab1a000-7f6f9ab1e000 ---p 00000000 00:00 0 
7f6f9ab1e000-7f6f9ac1b000 rw-p 00000000 00:00 0 
7f6f9ac1b000-7f6f9ac3f000 r-xp 00000000 08:02 2093637                    /lib/x86_64-linux-gnu/libpng12.so.0.54.0
7f6f9ac3f000-7f6f9ae3e000 ---p 00024000 08:02 2093637                    /lib/x86_64-linux-gnu/libpng12.so.0.54.0
7f6f9ae3e000-7f6f9ae3f000 r--p 00023000 08:02 2093637                    /lib/x86_64-linux-gnu/libpng12.so.0.54.0
7f6f9ae3f000-7f6f9ae40000 rw-p 00024000 08:02 2093637                    /lib/x86_64-linux-gnu/libpng12.so.0.54.0
7f6f9ae40000-7f6f9aee4000 r-xp 00000000 08:02 1447505                    /usr/lib/x86_64-linux-gnu/libfreetype.so.6.12.1
7f6f9aee4000-7f6f9b0e3000 ---p 000a4000 08:02 1447505                    /usr/lib/x86_64-linux-gnu/libfreetype.so.6.12.1
7f6f9b0e3000-7f6f9b0e9000 r--p 000a3000 08:02 1447505                    /usr/lib/x86_64-linux-gnu/libfreetype.so.6.12.1
7f6f9b0e9000-7f6f9b0ea000 rw-p 000a9000 08:02 1447505                    /usr/lib/x86_64-linux-gnu/libfreetype.so.6.12.1
7f6f9b0ea000-7f6f9b1b0000 r-xp 00000000 08:02 1459255                    /usr/lib/jvm/java-9-openjdk-amd64/lib/amd64/libfontmanager.so
7f6f9b1b0000-7f6f9b3af000 ---p 000c6000 08:02 1459255                    /usr/lib/jvm/java-9-openjdk-amd64/lib/amd64/libfontmanager.so
7f6f9b3af000-7f6f9b3b2000 r--p 000c5000 08:02 1459255                    /usr/lib/jvm/java-9-openjdk-amd64/lib/amd64/libfontmanager.so
7f6f9b3b2000-7f6f9b3b3000 rw-p 000c8000 08:02 1459255                    /usr/lib/jvm/java-9-openjdk-amd64/lib/amd64/libfontmanager.so
7f6f9b3b3000-7f6f9b3b4000 rw-p 00000000 00:00 0 
7f6f9b3b4000-7f6f9b3b9000 r-xp 00000000 08:02 1447113                    /usr/lib/x86_64-linux-gnu/libXdmcp.so.6.0.0
7f6f9b3b9000-7f6f9b5b8000 ---p 00005000 08:02 1447113                    /usr/lib/x86_64-linux-gnu/libXdmcp.so.6.0.0
7f6f9b5b8000-7f6f9b5b9000 r--p 00004000 08:02 1447113                    /usr/lib/x86_64-linux-gnu/libXdmcp.so.6.0.0
7f6f9b5b9000-7f6f9b5ba000 rw-p 00005000 08:02 1447113                    /usr/lib/x86_64-linux-gnu/libXdmcp.so.6.0.0
7f6f9b5ba000-7f6f9b5bc000 r-xp 00000000 08:02 1447102                    /usr/lib/x86_64-linux-gnu/libXau.so.6.0.0
7f6f9b5bc000-7f6f9b7bc000 ---p 00002000 08:02 1447102                    /usr/lib/x86_64-linux-gnu/libXau.so.6.0.0
7f6f9b7bc000-7f6f9b7bd000 r--p 00002000 08:02 1447102                    /usr/lib/x86_64-linux-gnu/libXau.so.6.0.0
7f6f9b7bd000-7f6f9b7be000 rw-p 00003000 08:02 1447102                    /usr/lib/x86_64-linux-gnu/libXau.so.6.0.0
7f6f9b7be000-7f6f9b7df000 r-xp 00000000 08:02 1448353                    /usr/lib/x86_64-linux-gnu/libxcb.so.1.1.0
7f6f9b7df000-7f6f9b9de000 ---p 00021000 08:02 1448353                    /usr/lib/x86_64-linux-gnu/libxcb.so.1.1.0
7f6f9b9de000-7f6f9b9df000 r--p 00020000 08:02 1448353                    /usr/lib/x86_64-linux-gnu/libxcb.so.1.1.0
7f6f9b9df000-7f6f9b9e0000 rw-p 00021000 08:02 1448353                    /usr/lib/x86_64-linux-gnu/libxcb.so.1.1.0
7f6f9b9e0000-7f6f9b9ef000 r-xp 00000000 08:02 1447123                    /usr/lib/x86_64-linux-gnu/libXi.so.6.1.0
7f6f9b9ef000-7f6f9bbee000 ---p 0000f000 08:02 1447123                    /usr/lib/x86_64-linux-gnu/libXi.so.6.1.0
7f6f9bbee000-7f6f9bbef000 r--p 0000e000 08:02 1447123                    /usr/lib/x86_64-linux-gnu/libXi.so.6.1.0
7f6f9bbef000-7f6f9bbf0000 rw-p 0000f000 08:02 1447123                    /usr/lib/x86_64-linux-gnu/libXi.so.6.1.0
7f6f9bbf0000-7f6f9bbf5000 r-xp 00000000 08:02 1447141                    /usr/lib/x86_64-linux-gnu/libXtst.so.6.1.0
7f6f9bbf5000-7f6f9bdf4000 ---p 00005000 08:02 1447141                    /usr/lib/x86_64-linux-gnu/libXtst.so.6.1.0
7f6f9bdf4000-7f6f9bdf5000 r--p 00004000 08:02 1447141                    /usr/lib/x86_64-linux-gnu/libXtst.so.6.1.0
7f6f9bdf5000-7f6f9bdf6000 rw-p 00005000 08:02 1447141                    /usr/lib/x86_64-linux-gnu/libXtst.so.6.1.0
7f6f9bdf6000-7f6f9bdff000 r-xp 00000000 08:02 1447135                    /usr/lib/x86_64-linux-gnu/libXrender.so.1.3.0
7f6f9bdff000-7f6f9bffe000 ---p 00009000 08:02 1447135                    /usr/lib/x86_64-linux-gnu/libXrender.so.1.3.0
7f6f9bffe000-7f6f9bfff000 r--p 00008000 08:02 1447135                    /usr/lib/x86_64-linux-gnu/libXrender.so.1.3.0
7f6f9bfff000-7f6f9c000000 rw-p 00009000 08:02 1447135                    /usr/lib/x86_64-linux-gnu/libXrender.so.1.3.0
7f6f9c000000-7f6f9c021000 rw-p 00000000 00:00 0 
7f6f9c021000-7f6fa0000000 ---p 00000000 00:00 0 
7f6fa0000000-7f6fa0021000 rw-p 00000000 00:00 0 
7f6fa0021000-7f6fa4000000 ---p 00000000 00:00 0 
7f6fa4000000-7f6fa4021000 rw-p 00000000 00:00 0 
7f6fa4021000-7f6fa8000000 ---p 00000000 00:00 0 
7f6fa806d000-7f6fa81a2000 r-xp 00000000 08:02 1465625                    /usr/lib/x86_64-linux-gnu/libX11.so.6.3.0
7f6fa81a2000-7f6fa83a2000 ---p 00135000 08:02 1465625                    /usr/lib/x86_64-linux-gnu/libX11.so.6.3.0
7f6fa83a2000-7f6fa83a3000 r--p 00135000 08:02 1465625                    /usr/lib/x86_64-linux-gnu/libX11.so.6.3.0
7f6fa83a3000-7f6fa83a7000 rw-p 00136000 08:02 1465625                    /usr/lib/x86_64-linux-gnu/libX11.so.6.3.0
7f6fa83a7000-7f6fa83b8000 r-xp 00000000 08:02 1447115                    /usr/lib/x86_64-linux-gnu/libXext.so.6.4.0
7f6fa83b8000-7f6fa85b7000 ---p 00011000 08:02 1447115                    /usr/lib/x86_64-linux-gnu/libXext.so.6.4.0
7f6fa85b7000-7f6fa85b8000 r--p 00010000 08:02 1447115                    /usr/lib/x86_64-linux-gnu/libXext.so.6.4.0
7f6fa85b8000-7f6fa85b9000 rw-p 00011000 08:02 1447115                    /usr/lib/x86_64-linux-gnu/libXext.so.6.4.0
7f6fa85b9000-7f6fa8610000 r-xp 00000000 08:02 1459280                    /usr/lib/jvm/java-9-openjdk-amd64/lib/amd64/libawt_xawt.so
7f6fa8610000-7f6fa8810000 ---p 00057000 08:02 1459280                    /usr/lib/jvm/java-9-openjdk-amd64/lib/amd64/libawt_xawt.so
7f6fa8810000-7f6fa8811000 r--p 00057000 08:02 1459280                    /usr/lib/jvm/java-9-openjdk-amd64/lib/amd64/libawt_xawt.so
7f6fa8811000-7f6fa8814000 rw-p 00058000 08:02 1459280                    /usr/lib/jvm/java-9-openjdk-amd64/lib/amd64/libawt_xawt.so
7f6fa8814000-7f6fa8815000 rw-p 00000000 00:00 0 
7f6fa8815000-7f6fa88b5000 r-xp 00000000 08:02 1459254                    /usr/lib/jvm/java-9-openjdk-amd64/lib/amd64/libawt.so
7f6fa88b5000-7f6fa8ab4000 ---p 000a0000 08:02 1459254                    /usr/lib/jvm/java-9-openjdk-amd64/lib/amd64/libawt.so
7f6fa8ab4000-7f6fa8ab5000 r--p 0009f000 08:02 1459254                    /usr/lib/jvm/java-9-openjdk-amd64/lib/amd64/libawt.so
7f6fa8ab5000-7f6fa8ac0000 rw-p 000a0000 08:02 1459254                    /usr/lib/jvm/java-9-openjdk-amd64/lib/amd64/libawt.so
7f6fa8ac0000-7f6fa8ae5000 rw-p 00000000 00:00 0 
7f6fa8ae5000-7f6fa8ae6000 ---p 00000000 00:00 0 
7f6fa8ae6000-7f6fa8be6000 rw-p 00000000 00:00 0 
7f6fa8be6000-7f6fa8bea000 ---p 00000000 00:00 0 
7f6fa8bea000-7f6fa8ce7000 rw-p 00000000 00:00 0 
7f6fa8ce7000-7f6fa8ceb000 ---p 00000000 00:00 0 
7f6fa8ceb000-7f6fabde9000 rw-p 00000000 00:00 0 
7f6fabde9000-7f6fabdff000 r-xp 00000000 08:02 1459256                    /usr/lib/jvm/java-9-openjdk-amd64/lib/amd64/libnet.so
7f6fabdff000-7f6fabffe000 ---p 00016000 08:02 1459256                    /usr/lib/jvm/java-9-openjdk-amd64/lib/amd64/libnet.so
7f6fabffe000-7f6fabfff000 r--p 00015000 08:02 1459256                    /usr/lib/jvm/java-9-openjdk-amd64/lib/amd64/libnet.so
7f6fabfff000-7f6fac000000 rw-p 00016000 08:02 1459256                    /usr/lib/jvm/java-9-openjdk-amd64/lib/amd64/libnet.so
7f6fac000000-7f6fac137000 rw-p 00000000 00:00 0 
7f6fac137000-7f6fb0000000 ---p 00000000 00:00 0 
7f6fb0000000-7f6fb0021000 rw-p 00000000 00:00 0 
7f6fb0021000-7f6fb4000000 ---p 00000000 00:00 0 
7f6fb4000000-7f6fb4277000 rw-p 00000000 00:00 0 
7f6fb4277000-7f6fb8000000 ---p 00000000 00:00 0 
7f6fb8000000-7f6fb81e2000 rw-p 00000000 00:00 0 
7f6fb81e2000-7f6fbc000000 ---p 00000000 00:00 0 
7f6fbc000000-7f6fbc021000 rw-p 00000000 00:00 0 
7f6fbc021000-7f6fc0000000 ---p 00000000 00:00 0 
7f6fc0000000-7f6fc0021000 rw-p 00000000 00:00 0 
7f6fc0021000-7f6fc4000000 ---p 00000000 00:00 0 
7f6fc4000000-7f6fc4021000 rw-p 00000000 00:00 0 
7f6fc4021000-7f6fc8000000 ---p 00000000 00:00 0 
7f6fc8000000-7f6fc8021000 rw-p 00000000 00:00 0 
7f6fc8021000-7f6fcc000000 ---p 00000000 00:00 0 
7f6fcc000000-7f6fcc021000 rw-p 00000000 00:00 0 
7f6fcc021000-7f6fd0000000 ---p 00000000 00:00 0 
7f6fd0000000-7f6fd0021000 rw-p 00000000 00:00 0 
7f6fd0021000-7f6fd4000000 ---p 00000000 00:00 0 
7f6fd401e000-7f6fd402f000 r-xp 00000000 08:02 1459281                    /usr/lib/jvm/java-9-openjdk-amd64/lib/amd64/libnio.so
7f6fd402f000-7f6fd422f000 ---p 00011000 08:02 1459281                    /usr/lib/jvm/java-9-openjdk-amd64/lib/amd64/libnio.so
7f6fd422f000-7f6fd4230000 r--p 00011000 08:02 1459281                    /usr/lib/jvm/java-9-openjdk-amd64/lib/amd64/libnio.so
7f6fd4230000-7f6fd4231000 rw-p 00012000 08:02 1459281                    /usr/lib/jvm/java-9-openjdk-amd64/lib/amd64/libnio.so
7f6fd4231000-7f6fd4235000 ---p 00000000 00:00 0 
7f6fd4235000-7f6fd4332000 rw-p 00000000 00:00 0 
7f6fd4332000-7f6fd4336000 ---p 00000000 00:00 0 
7f6fd4336000-7f6fd4433000 rw-p 00000000 00:00 0 
7f6fd4433000-7f6fd4437000 ---p 00000000 00:00 0 
7f6fd4437000-7f6fd4534000 rw-p 00000000 00:00 0 
7f6fd4534000-7f6fd4538000 ---p 00000000 00:00 0 
7f6fd4538000-7f6fd4635000 rw-p 00000000 00:00 0 
7f6fd4635000-7f6fd4639000 ---p 00000000 00:00 0 
7f6fd4639000-7f6fd4736000 rw-p 00000000 00:00 0 
7f6fd4736000-7f6fd473a000 ---p 00000000 00:00 0 
7f6fd473a000-7f6fd4837000 rw-p 00000000 00:00 0 
7f6fd4837000-7f6fd5c87000 r--p 00000000 08:02 1440167                    /usr/lib/locale/locale-archive
7f6fd5c87000-7f6fd5c8b000 ---p 00000000 00:00 0 
7f6fd5c8b000-7f6fd5d88000 rw-p 00000000 00:00 0 
7f6fd5d88000-7f6fd5d8c000 ---p 00000000 00:00 0 
7f6fd5d8c000-7f6fd5e89000 rw-p 00000000 00:00 0 
7f6fd5e89000-7f6fd5e8a000 ---p 00000000 00:00 0 
7f6fd5e8a000-7f6fd8000000 rw-p 00000000 00:00 0 
7f6fd8000000-7f6fd8021000 rw-p 00000000 00:00 0 
7f6fd8021000-7f6fdc000000 ---p 00000000 00:00 0 
7f6fdc05c000-7f6fdc8b7000 rw-p 00000000 00:00 0 
7f6fdc8b7000-7f6fdcd73000 rw-p 00000000 00:00 0 
7f6fdcd73000-7f6fdcd74000 ---p 00000000 00:00 0 
7f6fdcd74000-7f6fdce74000 rw-p 00000000 00:00 0 
7f6fdce74000-7f6fdce75000 ---p 00000000 00:00 0 
7f6fdce75000-7f6fdd0e5000 rw-p 00000000 00:00 0 
7f6fdd0e5000-7f6fde64d000 ---p 00000000 00:00 0 
7f6fde64d000-7f6fde7bd000 rw-p 00000000 00:00 0 
7f6fde7bd000-7f6fdfd25000 ---p 00000000 00:00 0 
7f6fdfd25000-7f6fdfd53000 rw-p 00000000 00:00 0 
7f6fdfd53000-7f6fe0000000 ---p 00000000 00:00 0 
7f6fe0000000-7f6fe0021000 rw-p 00000000 00:00 0 
7f6fe0021000-7f6fe4000000 ---p 00000000 00:00 0 
7f6fe4000000-7f6fe4021000 rw-p 00000000 00:00 0 
7f6fe4021000-7f6fe8000000 ---p 00000000 00:00 0 
7f6fe8000000-7f6fe8021000 rw-p 00000000 00:00 0 
7f6fe8021000-7f6fec000000 ---p 00000000 00:00 0 
7f6fec000000-7f6fec021000 rw-p 00000000 00:00 0 
7f6fec021000-7f6ff0000000 ---p 00000000 00:00 0 
7f6ff0000000-7f6ff0021000 rw-p 00000000 00:00 0 
7f6ff0021000-7f6ff4000000 ---p 00000000 00:00 0 
7f6ff4000000-7f6ff4021000 rw-p 00000000 00:00 0 
7f6ff4021000-7f6ff8000000 ---p 00000000 00:00 0 
7f6ff8000000-7f6ff8021000 rw-p 00000000 00:00 0 
7f6ff8021000-7f6ffc000000 ---p 00000000 00:00 0 
7f6ffc000000-7f6ffc021000 rw-p 00000000 00:00 0 
7f6ffc021000-7f7000000000 ---p 00000000 00:00 0 
7f7000000000-7f7000021000 rw-p 00000000 00:00 0 
7f7000021000-7f7004000000 ---p 00000000 00:00 0 
7f7004037000-7f70040c1000 rw-p 00000000 00:00 0 
7f70040c1000-7f7004649000 ---p 00000000 00:00 0 
7f7004649000-7f7004677000 rw-p 00000000 00:00 0 
7f7004677000-7f7004924000 ---p 00000000 00:00 0 
7f7004924000-7f7004925000 ---p 00000000 00:00 0 
7f7004925000-7f7004a25000 rw-p 00000000 00:00 0 
7f7004a25000-7f7004a26000 ---p 00000000 00:00 0 
7f7004a26000-7f7004b26000 rw-p 00000000 00:00 0 
7f7004b26000-7f7004b27000 ---p 00000000 00:00 0 
7f7004b27000-7f7004c27000 rw-p 00000000 00:00 0 
7f7004c27000-7f7004c28000 ---p 00000000 00:00 0 
7f7004c28000-7f7004d28000 rw-p 00000000 00:00 0 
7f7004d28000-7f7004d29000 ---p 00000000 00:00 0 
7f7004d29000-7f700522d000 rw-p 00000000 00:00 0 
7f700522d000-7f700522e000 ---p 00000000 00:00 0 
7f700522e000-7f700532e000 rw-p 00000000 00:00 0 
7f700532e000-7f700532f000 ---p 00000000 00:00 0 
7f700532f000-7f700542f000 rw-p 00000000 00:00 0 
7f700542f000-7f7005430000 ---p 00000000 00:00 0 
7f7005430000-7f7005530000 rw-p 00000000 00:00 0 
7f7005530000-7f7005531000 ---p 00000000 00:00 0 
7f7005531000-7f7005631000 rw-p 00000000 00:00 0 
7f7005631000-7f70058a1000 rwxp 00000000 00:00 0 
7f70058a1000-7f7005bc1000 ---p 00000000 00:00 0 
7f7005bc1000-7f7005e31000 rwxp 00000000 00:00 0 
7f7005e31000-7f700d0f9000 ---p 00000000 00:00 0 
7f700d0f9000-7f700d369000 rwxp 00000000 00:00 0 
7f700d369000-7f7014631000 ---p 00000000 00:00 0 
7f7014631000-7f701b9e0000 r--s 00000000 08:02 1459242                    /usr/lib/jvm/java-9-openjdk-amd64/lib/modules
7f701b9e0000-7f701b9e5000 r-xp 00000000 08:02 1459269                    /usr/lib/jvm/java-9-openjdk-amd64/lib/amd64/libjimage.so
7f701b9e5000-7f701bbe4000 ---p 00005000 08:02 1459269                    /usr/lib/jvm/java-9-openjdk-amd64/lib/amd64/libjimage.so
7f701bbe4000-7f701bbe5000 r--p 00004000 08:02 1459269                    /usr/lib/jvm/java-9-openjdk-amd64/lib/amd64/libjimage.so
7f701bbe5000-7f701bbe6000 rw-p 00005000 08:02 1459269                    /usr/lib/jvm/java-9-openjdk-amd64/lib/amd64/libjimage.so
7f701bbe6000-7f701bbed000 r-xp 00000000 08:02 1459265                    /usr/lib/jvm/java-9-openjdk-amd64/lib/amd64/libzip.so
7f701bbed000-7f701bdec000 ---p 00007000 08:02 1459265                    /usr/lib/jvm/java-9-openjdk-amd64/lib/amd64/libzip.so
7f701bdec000-7f701bded000 r--p 00006000 08:02 1459265                    /usr/lib/jvm/java-9-openjdk-amd64/lib/amd64/libzip.so
7f701bded000-7f701bdee000 rw-p 00007000 08:02 1459265                    /usr/lib/jvm/java-9-openjdk-amd64/lib/amd64/libzip.so
7f701bdee000-7f701bdf9000 r-xp 00000000 08:02 2093153                    /lib/x86_64-linux-gnu/libnss_files-2.23.so
7f701bdf9000-7f701bff8000 ---p 0000b000 08:02 2093153                    /lib/x86_64-linux-gnu/libnss_files-2.23.so
7f701bff8000-7f701bff9000 r--p 0000a000 08:02 2093153                    /lib/x86_64-linux-gnu/libnss_files-2.23.so
7f701bff9000-7f701bffa000 rw-p 0000b000 08:02 2093153                    /lib/x86_64-linux-gnu/libnss_files-2.23.so
7f701bffa000-7f701c000000 rw-p 00000000 00:00 0 
7f701c000000-7f701c3a1000 rw-p 00000000 00:00 0 
7f701c3a1000-7f7020000000 ---p 00000000 00:00 0 
7f7020003000-7f7020030000 rw-p 00000000 00:00 0 
7f7020030000-7f7020116000 ---p 00000000 00:00 0 
7f7020116000-7f702011b000 rw-p 00000000 00:00 0 
7f702011b000-7f7020201000 ---p 00000000 00:00 0 
7f7020201000-7f702020c000 r-xp 00000000 08:02 2097798                    /lib/x86_64-linux-gnu/libnss_nis-2.23.so
7f702020c000-7f702040b000 ---p 0000b000 08:02 2097798                    /lib/x86_64-linux-gnu/libnss_nis-2.23.so
7f702040b000-7f702040c000 r--p 0000a000 08:02 2097798                    /lib/x86_64-linux-gnu/libnss_nis-2.23.so
7f702040c000-7f702040d000 rw-p 0000b000 08:02 2097798                    /lib/x86_64-linux-gnu/libnss_nis-2.23.so
7f702040d000-7f7020423000 r-xp 00000000 08:02 2093073                    /lib/x86_64-linux-gnu/libnsl-2.23.so
7f7020423000-7f7020622000 ---p 00016000 08:02 2093073                    /lib/x86_64-linux-gnu/libnsl-2.23.so
7f7020622000-7f7020623000 r--p 00015000 08:02 2093073                    /lib/x86_64-linux-gnu/libnsl-2.23.so
7f7020623000-7f7020624000 rw-p 00016000 08:02 2093073                    /lib/x86_64-linux-gnu/libnsl-2.23.so
7f7020624000-7f7020626000 rw-p 00000000 00:00 0 
7f7020626000-7f702062e000 r-xp 00000000 08:02 2093148                    /lib/x86_64-linux-gnu/libnss_compat-2.23.so
7f702062e000-7f702082d000 ---p 00008000 08:02 2093148                    /lib/x86_64-linux-gnu/libnss_compat-2.23.so
7f702082d000-7f702082e000 r--p 00007000 08:02 2093148                    /lib/x86_64-linux-gnu/libnss_compat-2.23.so
7f702082e000-7f702082f000 rw-p 00008000 08:02 2093148                    /lib/x86_64-linux-gnu/libnss_compat-2.23.so
7f702082f000-7f702085a000 r-xp 00000000 08:02 1459249                    /usr/lib/jvm/java-9-openjdk-amd64/lib/amd64/libjava.so
7f702085a000-7f7020a59000 ---p 0002b000 08:02 1459249                    /usr/lib/jvm/java-9-openjdk-amd64/lib/amd64/libjava.so
7f7020a59000-7f7020a5a000 r--p 0002a000 08:02 1459249                    /usr/lib/jvm/java-9-openjdk-amd64/lib/amd64/libjava.so
7f7020a5a000-7f7020a5c000 rw-p 0002b000 08:02 1459249                    /usr/lib/jvm/java-9-openjdk-amd64/lib/amd64/libjava.so
7f7020a5c000-7f7020a69000 r-xp 00000000 08:02 1459250                    /usr/lib/jvm/java-9-openjdk-amd64/lib/amd64/libverify.so
7f7020a69000-7f7020c68000 ---p 0000d000 08:02 1459250                    /usr/lib/jvm/java-9-openjdk-amd64/lib/amd64/libverify.so
7f7020c68000-7f7020c6a000 r--p 0000c000 08:02 1459250                    /usr/lib/jvm/java-9-openjdk-amd64/lib/amd64/libverify.so
7f7020c6a000-7f7020c6b000 rw-p 0000e000 08:02 1459250                    /usr/lib/jvm/java-9-openjdk-amd64/lib/amd64/libverify.so
7f7020c6b000-7f7020c72000 r-xp 00000000 08:02 2097799                    /lib/x86_64-linux-gnu/librt-2.23.so
7f7020c72000-7f7020e71000 ---p 00007000 08:02 2097799                    /lib/x86_64-linux-gnu/librt-2.23.so
7f7020e71000-7f7020e72000 r--p 00006000 08:02 2097799                    /lib/x86_64-linux-gnu/librt-2.23.so
7f7020e72000-7f7020e73000 rw-p 00007000 08:02 2097799                    /lib/x86_64-linux-gnu/librt-2.23.so
7f7020e73000-7f7020e89000 r-xp 00000000 08:02 2098262                    /lib/x86_64-linux-gnu/libgcc_s.so.1
7f7020e89000-7f7021088000 ---p 00016000 08:02 2098262                    /lib/x86_64-linux-gnu/libgcc_s.so.1
7f7021088000-7f7021089000 rw-p 00015000 08:02 2098262                    /lib/x86_64-linux-gnu/libgcc_s.so.1
7f7021089000-7f7021191000 r-xp 00000000 08:02 2093061                    /lib/x86_64-linux-gnu/libm-2.23.so
7f7021191000-7f7021390000 ---p 00108000 08:02 2093061                    /lib/x86_64-linux-gnu/libm-2.23.so
7f7021390000-7f7021391000 r--p 00107000 08:02 2093061                    /lib/x86_64-linux-gnu/libm-2.23.so
7f7021391000-7f7021392000 rw-p 00108000 08:02 2093061                    /lib/x86_64-linux-gnu/libm-2.23.so
7f7021392000-7f7021504000 r-xp 00000000 08:02 1440312                    /usr/lib/x86_64-linux-gnu/libstdc++.so.6.0.21
7f7021504000-7f7021704000 ---p 00172000 08:02 1440312                    /usr/lib/x86_64-linux-gnu/libstdc++.so.6.0.21
7f7021704000-7f702170e000 r--p 00172000 08:02 1440312                    /usr/lib/x86_64-linux-gnu/libstdc++.so.6.0.21
7f702170e000-7f7021710000 rw-p 0017c000 08:02 1440312                    /usr/lib/x86_64-linux-gnu/libstdc++.so.6.0.21
7f7021710000-7f7021714000 rw-p 00000000 00:00 0 
7f7021714000-7f7022572000 r-xp 00000000 08:02 1459262                    /usr/lib/jvm/java-9-openjdk-amd64/lib/amd64/server/libjvm.so
7f7022572000-7f7022772000 ---p 00e5e000 08:02 1459262                    /usr/lib/jvm/java-9-openjdk-amd64/lib/amd64/server/libjvm.so
7f7022772000-7f7022824000 r--p 00e5e000 08:02 1459262                    /usr/lib/jvm/java-9-openjdk-amd64/lib/amd64/server/libjvm.so
7f7022824000-7f7022856000 rw-p 00f10000 08:02 1459262                    /usr/lib/jvm/java-9-openjdk-amd64/lib/amd64/server/libjvm.so
7f7022856000-7f702289b000 rw-p 00000000 00:00 0 
7f702289b000-7f70228b3000 r-xp 00000000 08:02 2093139                    /lib/x86_64-linux-gnu/libpthread-2.23.so
7f70228b3000-7f7022ab2000 ---p 00018000 08:02 2093139                    /lib/x86_64-linux-gnu/libpthread-2.23.so
7f7022ab2000-7f7022ab3000 r--p 00017000 08:02 2093139                    /lib/x86_64-linux-gnu/libpthread-2.23.so
7f7022ab3000-7f7022ab4000 rw-p 00018000 08:02 2093139                    /lib/x86_64-linux-gnu/libpthread-2.23.so
7f7022ab4000-7f7022ab8000 rw-p 00000000 00:00 0 
7f7022ab8000-7f7022abb000 r-xp 00000000 08:02 2093142                    /lib/x86_64-linux-gnu/libdl-2.23.so
7f7022abb000-7f7022cba000 ---p 00003000 08:02 2093142                    /lib/x86_64-linux-gnu/libdl-2.23.so
7f7022cba000-7f7022cbb000 r--p 00002000 08:02 2093142                    /lib/x86_64-linux-gnu/libdl-2.23.so
7f7022cbb000-7f7022cbc000 rw-p 00003000 08:02 2093142                    /lib/x86_64-linux-gnu/libdl-2.23.so
7f7022cbc000-7f7022cd5000 r-xp 00000000 08:02 2098414                    /lib/x86_64-linux-gnu/libz.so.1.2.8
7f7022cd5000-7f7022ed4000 ---p 00019000 08:02 2098414                    /lib/x86_64-linux-gnu/libz.so.1.2.8
7f7022ed4000-7f7022ed5000 r--p 00018000 08:02 2098414                    /lib/x86_64-linux-gnu/libz.so.1.2.8
7f7022ed5000-7f7022ed6000 rw-p 00019000 08:02 2098414                    /lib/x86_64-linux-gnu/libz.so.1.2.8
7f7022ed6000-7f7023096000 r-xp 00000000 08:02 2093140                    /lib/x86_64-linux-gnu/libc-2.23.so
7f7023096000-7f7023296000 ---p 001c0000 08:02 2093140                    /lib/x86_64-linux-gnu/libc-2.23.so
7f7023296000-7f702329a000 r--p 001c0000 08:02 2093140                    /lib/x86_64-linux-gnu/libc-2.23.so
7f702329a000-7f702329c000 rw-p 001c4000 08:02 2093140                    /lib/x86_64-linux-gnu/libc-2.23.so
7f702329c000-7f70232a0000 rw-p 00000000 00:00 0 
7f70232a0000-7f70232ae000 r-xp 00000000 08:02 1459278                    /usr/lib/jvm/java-9-openjdk-amd64/lib/amd64/jli/libjli.so
7f70232ae000-7f70234ad000 ---p 0000e000 08:02 1459278                    /usr/lib/jvm/java-9-openjdk-amd64/lib/amd64/jli/libjli.so
7f70234ad000-7f70234ae000 r--p 0000d000 08:02 1459278                    /usr/lib/jvm/java-9-openjdk-amd64/lib/amd64/jli/libjli.so
7f70234ae000-7f70234af000 rw-p 0000e000 08:02 1459278                    /usr/lib/jvm/java-9-openjdk-amd64/lib/amd64/jli/libjli.so
7f70234af000-7f70234d5000 r-xp 00000000 08:02 2093081                    /lib/x86_64-linux-gnu/ld-2.23.so
7f70234f5000-7f70235ad000 rw-p 00000000 00:00 0 
7f70235ad000-7f70235b1000 ---p 00000000 00:00 0 
7f70235b1000-7f70236b2000 rw-p 00000000 00:00 0 
7f70236bd000-7f70236c2000 rw-p 00000000 00:00 0 
7f70236c2000-7f70236c9000 ---p 00000000 00:00 0 
7f70236c9000-7f70236d1000 rw-s 00000000 08:02 2747404                    /tmp/hsperfdata_sbk/30206
7f70236d1000-7f70236d2000 rw-p 00000000 00:00 0 
7f70236d2000-7f70236d3000 r--p 00000000 00:00 0 
7f70236d3000-7f70236d4000 rw-p 00000000 00:00 0 
7f70236d4000-7f70236d5000 r--p 00025000 08:02 2093081                    /lib/x86_64-linux-gnu/ld-2.23.so
7f70236d5000-7f70236d6000 rw-p 00026000 08:02 2093081                    /lib/x86_64-linux-gnu/ld-2.23.so
7f70236d6000-7f70236d7000 rw-p 00000000 00:00 0 
7fffd3769000-7fffd378a000 rw-p 00000000 00:00 0                          [stack]
7fffd37db000-7fffd37de000 r--p 00000000 00:00 0                          [vvar]
7fffd37de000-7fffd37e0000 r-xp 00000000 00:00 0                          [vdso]
ffffffffff600000-ffffffffff601000 r-xp 00000000 00:00 0                  [vsyscall]

VM Arguments:
java_command: TestProgram
java_class_path (initial): .
Launcher Type: SUN_STANDARD

Environment Variables:
PATH=/home/sbk/bin:/home/sbk/.local/bin:/usr/local/sbin:/usr/local/bin:/usr/sbin:/usr/bin:/sbin:/bin:/usr/games:/usr/local/games
SHELL=/bin/bash
DISPLAY=:0

Signal Handlers:
SIGSEGV: [libjvm.so+0xc12c20], sa_mask[0]=11111111011111111101111111111110, sa_flags=SA_RESTART|SA_SIGINFO
SIGBUS: [libjvm.so+0xc12c20], sa_mask[0]=11111111011111111101111111111110, sa_flags=SA_RESTART|SA_SIGINFO
SIGFPE: [libjvm.so+0xc12c20], sa_mask[0]=11111111011111111101111111111110, sa_flags=SA_RESTART|SA_SIGINFO
SIGPIPE: [libjvm.so+0xa3b600], sa_mask[0]=11111111011111111101111111111110, sa_flags=SA_RESTART|SA_SIGINFO
SIGXFSZ: [libjvm.so+0xa3b600], sa_mask[0]=11111111011111111101111111111110, sa_flags=SA_RESTART|SA_SIGINFO
SIGILL: [libjvm.so+0xc12c20], sa_mask[0]=11111111011111111101111111111110, sa_flags=SA_RESTART|SA_SIGINFO
SIGUSR2: [libjvm.so+0xa3b4a0], sa_mask[0]=00000000000000000000000000000000, sa_flags=SA_RESTART|SA_SIGINFO
SIGHUP: [libjvm.so+0xa3b870], sa_mask[0]=11111111011111111101111111111110, sa_flags=SA_RESTART|SA_SIGINFO
SIGINT: [libjvm.so+0xa3b870], sa_mask[0]=11111111011111111101111111111110, sa_flags=SA_RESTART|SA_SIGINFO
SIGTERM: [libjvm.so+0xa3b870], sa_mask[0]=11111111011111111101111111111110, sa_flags=SA_RESTART|SA_SIGINFO
SIGQUIT: [libjvm.so+0xa3b870], sa_mask[0]=11111111011111111101111111111110, sa_flags=SA_RESTART|SA_SIGINFO


---------------  S Y S T E M  ---------------

OS:DISTRIB_ID="elementary"
DISTRIB_RELEASE=0.4.1
DISTRIB_CODENAME=loki
DISTRIB_DESCRIPTION="elementary OS 0.4.1 Loki"
uname:Linux 4.15.0-38-generic #41~16.04.1-Ubuntu SMP Wed Oct 10 20:16:04 UTC 2018 x86_64
libc:glibc 2.23 NPTL 2.23 
rlimit: STACK 8192k, CORE 0k, NPROC 22454, NOFILE 1048576, AS infinity
load average:0.81 0.74 0.73

/proc/meminfo:
MemTotal:        5987256 kB
MemFree:          936100 kB
MemAvailable:    2119896 kB
Buffers:          189732 kB
Cached:          1527924 kB
SwapCached:            0 kB
Active:          3691172 kB
Inactive:        1116128 kB
Active(anon):    2776052 kB
Inactive(anon):   673284 kB
Active(file):     915120 kB
Inactive(file):   442844 kB
Unevictable:         224 kB
Mlocked:             224 kB
SwapTotal:       6173692 kB
SwapFree:        6173692 kB
Dirty:              9292 kB
Writeback:             0 kB
AnonPages:       3089928 kB
Mapped:           728216 kB
Shmem:            359672 kB
Slab:             121508 kB
SReclaimable:      76216 kB
SUnreclaim:        45292 kB
KernelStack:       12560 kB
PageTables:        54704 kB
NFS_Unstable:          0 kB
Bounce:                0 kB
WritebackTmp:          0 kB
CommitLimit:     9167320 kB
Committed_AS:   10835672 kB
VmallocTotal:   34359738367 kB
VmallocUsed:           0 kB
VmallocChunk:          0 kB
HardwareCorrupted:     0 kB
AnonHugePages:      6144 kB
ShmemHugePages:        0 kB
ShmemPmdMapped:        0 kB
CmaTotal:              0 kB
CmaFree:               0 kB
HugePages_Total:       0
HugePages_Free:        0
HugePages_Rsvd:        0
HugePages_Surp:        0
Hugepagesize:       2048 kB
DirectMap4k:      186268 kB
DirectMap2M:     5988352 kB


CPU:total 4 (2 cores per cpu, 2 threads per core) family 6 model 58 stepping 9, cmov, cx8, fxsr, mmx, sse, sse2, sse3, ssse3, sse4.1, sse4.2, popcnt, avx, aes, clmul, erms, ht, tsc, tscinvbit, tscinv

CPU Model and flags from /proc/cpuinfo:
model name	: Intel(R) Core(TM) i7-3517U CPU @ 1.90GHz
flags		: fpu vme de pse tsc msr pae mce cx8 apic sep mtrr pge mca cmov pat pse36 clflush dts acpi mmx fxsr sse sse2 ss ht tm pbe syscall nx rdtscp lm constant_tsc arch_perfmon pebs bts rep_good nopl xtopology nonstop_tsc cpuid aperfmperf pni pclmulqdq dtes64 monitor ds_cpl vmx est tm2 ssse3 cx16 xtpr pdcm pcid sse4_1 sse4_2 x2apic popcnt tsc_deadline_timer aes xsave avx f16c rdrand lahf_lm cpuid_fault epb pti ssbd ibrs ibpb stibp tpr_shadow vnmi flexpriority ept vpid fsgsbase smep erms xsaveopt dtherm ida arat pln pts flush_l1d

Memory: 4k page, physical 5987256k(936100k free), swap 6173692k(6173692k free)

vm_info: OpenJDK 64-Bit Server VM (9-internal+0-2016-04-14-195246.buildd.src) for linux-amd64 JRE (9-internal+0-2016-04-14-195246.buildd.src), built on Apr 14 2016 20:05:37 by "buildd" with gcc 5.3.1 20160413

END.
